{"/Users/sihemlassar/code/Bystalindrive/backend/controllers/postsCtrl.js": {"path":"/Users/sihemlassar/code/Bystalindrive/backend/controllers/postsCtrl.js","statementMap":{"0":{"start":{"line":2,"column":23},"end":{"line":2,"column":43}},"1":{"start":{"line":3,"column":15},"end":{"line":3,"column":35}},"2":{"start":{"line":4,"column":12},"end":{"line":4,"column":26}},"3":{"start":{"line":7,"column":19},"end":{"line":21,"column":2}},"4":{"start":{"line":24,"column":0},"end":{"line":93,"column":2}},"5":{"start":{"line":25,"column":2},"end":{"line":92,"column":3}},"6":{"start":{"line":27,"column":26},"end":{"line":27,"column":84}},"7":{"start":{"line":28,"column":66},"end":{"line":28,"column":79}},"8":{"start":{"line":31,"column":17},"end":{"line":31,"column":47}},"9":{"start":{"line":32,"column":4},"end":{"line":32,"column":83}},"10":{"start":{"line":32,"column":15},"end":{"line":32,"column":83}},"11":{"start":{"line":35,"column":26},"end":{"line":50,"column":6}},"12":{"start":{"line":51,"column":4},"end":{"line":53,"column":5}},"13":{"start":{"line":52,"column":6},"end":{"line":52,"column":95}},"14":{"start":{"line":56,"column":27},"end":{"line":71,"column":6}},"15":{"start":{"line":72,"column":4},"end":{"line":74,"column":5}},"16":{"start":{"line":73,"column":6},"end":{"line":73,"column":97}},"17":{"start":{"line":77,"column":17},"end":{"line":83,"column":6}},"18":{"start":{"line":85,"column":4},"end":{"line":85,"column":38}},"19":{"start":{"line":87,"column":4},"end":{"line":89,"column":5}},"20":{"start":{"line":88,"column":6},"end":{"line":88,"column":59}},"21":{"start":{"line":90,"column":4},"end":{"line":90,"column":45}},"22":{"start":{"line":91,"column":4},"end":{"line":91,"column":83}},"23":{"start":{"line":96,"column":0},"end":{"line":137,"column":2}},"24":{"start":{"line":97,"column":2},"end":{"line":136,"column":3}},"25":{"start":{"line":98,"column":19},"end":{"line":98,"column":29}},"26":{"start":{"line":99,"column":66},"end":{"line":99,"column":74}},"27":{"start":{"line":102,"column":25},"end":{"line":107,"column":6}},"28":{"start":{"line":109,"column":4},"end":{"line":109,"column":65}},"29":{"start":{"line":111,"column":17},"end":{"line":111,"column":40}},"30":{"start":{"line":112,"column":4},"end":{"line":112,"column":75}},"31":{"start":{"line":112,"column":15},"end":{"line":112,"column":75}},"32":{"start":{"line":114,"column":4},"end":{"line":116,"column":5}},"33":{"start":{"line":115,"column":6},"end":{"line":115,"column":65}},"34":{"start":{"line":118,"column":4},"end":{"line":122,"column":5}},"35":{"start":{"line":119,"column":19},"end":{"line":119,"column":49}},"36":{"start":{"line":120,"column":6},"end":{"line":120,"column":85}},"37":{"start":{"line":120,"column":17},"end":{"line":120,"column":85}},"38":{"start":{"line":121,"column":6},"end":{"line":121,"column":33}},"39":{"start":{"line":124,"column":4},"end":{"line":124,"column":67}},"40":{"start":{"line":124,"column":26},"end":{"line":124,"column":67}},"41":{"start":{"line":125,"column":4},"end":{"line":125,"column":49}},"42":{"start":{"line":125,"column":20},"end":{"line":125,"column":49}},"43":{"start":{"line":126,"column":4},"end":{"line":126,"column":43}},"44":{"start":{"line":126,"column":18},"end":{"line":126,"column":43}},"45":{"start":{"line":128,"column":4},"end":{"line":128,"column":22}},"46":{"start":{"line":129,"column":4},"end":{"line":129,"column":38}},"47":{"start":{"line":131,"column":4},"end":{"line":133,"column":5}},"48":{"start":{"line":132,"column":6},"end":{"line":132,"column":59}},"49":{"start":{"line":134,"column":4},"end":{"line":134,"column":45}},"50":{"start":{"line":135,"column":4},"end":{"line":135,"column":83}},"51":{"start":{"line":140,"column":0},"end":{"line":155,"column":2}},"52":{"start":{"line":141,"column":2},"end":{"line":154,"column":3}},"53":{"start":{"line":142,"column":18},"end":{"line":149,"column":6}},"54":{"start":{"line":150,"column":4},"end":{"line":150,"column":39}},"55":{"start":{"line":152,"column":4},"end":{"line":152,"column":23}},"56":{"start":{"line":153,"column":4},"end":{"line":153,"column":83}},"57":{"start":{"line":157,"column":0},"end":{"line":172,"column":2}},"58":{"start":{"line":158,"column":2},"end":{"line":171,"column":3}},"59":{"start":{"line":159,"column":18},"end":{"line":166,"column":6}},"60":{"start":{"line":167,"column":4},"end":{"line":167,"column":39}},"61":{"start":{"line":169,"column":4},"end":{"line":169,"column":23}},"62":{"start":{"line":170,"column":4},"end":{"line":170,"column":83}},"63":{"start":{"line":174,"column":0},"end":{"line":192,"column":2}},"64":{"start":{"line":175,"column":2},"end":{"line":191,"column":3}},"65":{"start":{"line":176,"column":19},"end":{"line":176,"column":29}},"66":{"start":{"line":177,"column":17},"end":{"line":182,"column":6}},"67":{"start":{"line":183,"column":4},"end":{"line":183,"column":75}},"68":{"start":{"line":183,"column":15},"end":{"line":183,"column":75}},"69":{"start":{"line":184,"column":4},"end":{"line":186,"column":5}},"70":{"start":{"line":185,"column":6},"end":{"line":185,"column":65}},"71":{"start":{"line":187,"column":4},"end":{"line":187,"column":38}},"72":{"start":{"line":189,"column":4},"end":{"line":189,"column":23}},"73":{"start":{"line":190,"column":4},"end":{"line":190,"column":83}},"74":{"start":{"line":194,"column":0},"end":{"line":205,"column":2}},"75":{"start":{"line":195,"column":2},"end":{"line":204,"column":3}},"76":{"start":{"line":196,"column":19},"end":{"line":196,"column":29}},"77":{"start":{"line":197,"column":17},"end":{"line":197,"column":40}},"78":{"start":{"line":198,"column":4},"end":{"line":198,"column":75}},"79":{"start":{"line":198,"column":15},"end":{"line":198,"column":75}},"80":{"start":{"line":199,"column":4},"end":{"line":199,"column":25}},"81":{"start":{"line":200,"column":4},"end":{"line":200,"column":61}},"82":{"start":{"line":202,"column":4},"end":{"line":202,"column":45}},"83":{"start":{"line":203,"column":4},"end":{"line":203,"column":83}}},"fnMap":{"0":{"name":"(anonymous_0)","decl":{"start":{"line":24,"column":21},"end":{"line":24,"column":22}},"loc":{"start":{"line":24,"column":41},"end":{"line":93,"column":1}},"line":24},"1":{"name":"(anonymous_1)","decl":{"start":{"line":96,"column":21},"end":{"line":96,"column":22}},"loc":{"start":{"line":96,"column":41},"end":{"line":137,"column":1}},"line":96},"2":{"name":"(anonymous_2)","decl":{"start":{"line":140,"column":22},"end":{"line":140,"column":23}},"loc":{"start":{"line":140,"column":42},"end":{"line":155,"column":1}},"line":140},"3":{"name":"(anonymous_3)","decl":{"start":{"line":157,"column":21},"end":{"line":157,"column":22}},"loc":{"start":{"line":157,"column":41},"end":{"line":172,"column":1}},"line":157},"4":{"name":"(anonymous_4)","decl":{"start":{"line":174,"column":21},"end":{"line":174,"column":22}},"loc":{"start":{"line":174,"column":41},"end":{"line":192,"column":1}},"line":174},"5":{"name":"(anonymous_5)","decl":{"start":{"line":194,"column":21},"end":{"line":194,"column":22}},"loc":{"start":{"line":194,"column":41},"end":{"line":205,"column":1}},"line":194}},"branchMap":{"0":{"loc":{"start":{"line":32,"column":4},"end":{"line":32,"column":83}},"type":"if","locations":[{"start":{"line":32,"column":4},"end":{"line":32,"column":83}},{"start":{},"end":{}}],"line":32},"1":{"loc":{"start":{"line":51,"column":4},"end":{"line":53,"column":5}},"type":"if","locations":[{"start":{"line":51,"column":4},"end":{"line":53,"column":5}},{"start":{},"end":{}}],"line":51},"2":{"loc":{"start":{"line":72,"column":4},"end":{"line":74,"column":5}},"type":"if","locations":[{"start":{"line":72,"column":4},"end":{"line":74,"column":5}},{"start":{},"end":{}}],"line":72},"3":{"loc":{"start":{"line":87,"column":4},"end":{"line":89,"column":5}},"type":"if","locations":[{"start":{"line":87,"column":4},"end":{"line":89,"column":5}},{"start":{},"end":{}}],"line":87},"4":{"loc":{"start":{"line":112,"column":4},"end":{"line":112,"column":75}},"type":"if","locations":[{"start":{"line":112,"column":4},"end":{"line":112,"column":75}},{"start":{},"end":{}}],"line":112},"5":{"loc":{"start":{"line":114,"column":4},"end":{"line":116,"column":5}},"type":"if","locations":[{"start":{"line":114,"column":4},"end":{"line":116,"column":5}},{"start":{},"end":{}}],"line":114},"6":{"loc":{"start":{"line":118,"column":4},"end":{"line":122,"column":5}},"type":"if","locations":[{"start":{"line":118,"column":4},"end":{"line":122,"column":5}},{"start":{},"end":{}}],"line":118},"7":{"loc":{"start":{"line":120,"column":6},"end":{"line":120,"column":85}},"type":"if","locations":[{"start":{"line":120,"column":6},"end":{"line":120,"column":85}},{"start":{},"end":{}}],"line":120},"8":{"loc":{"start":{"line":124,"column":4},"end":{"line":124,"column":67}},"type":"if","locations":[{"start":{"line":124,"column":4},"end":{"line":124,"column":67}},{"start":{},"end":{}}],"line":124},"9":{"loc":{"start":{"line":125,"column":4},"end":{"line":125,"column":49}},"type":"if","locations":[{"start":{"line":125,"column":4},"end":{"line":125,"column":49}},{"start":{},"end":{}}],"line":125},"10":{"loc":{"start":{"line":126,"column":4},"end":{"line":126,"column":43}},"type":"if","locations":[{"start":{"line":126,"column":4},"end":{"line":126,"column":43}},{"start":{},"end":{}}],"line":126},"11":{"loc":{"start":{"line":131,"column":4},"end":{"line":133,"column":5}},"type":"if","locations":[{"start":{"line":131,"column":4},"end":{"line":133,"column":5}},{"start":{},"end":{}}],"line":131},"12":{"loc":{"start":{"line":183,"column":4},"end":{"line":183,"column":75}},"type":"if","locations":[{"start":{"line":183,"column":4},"end":{"line":183,"column":75}},{"start":{},"end":{}}],"line":183},"13":{"loc":{"start":{"line":184,"column":4},"end":{"line":186,"column":5}},"type":"if","locations":[{"start":{"line":184,"column":4},"end":{"line":186,"column":5}},{"start":{},"end":{}}],"line":184},"14":{"loc":{"start":{"line":184,"column":8},"end":{"line":184,"column":67}},"type":"binary-expr","locations":[{"start":{"line":184,"column":8},"end":{"line":184,"column":33}},{"start":{"line":184,"column":37},"end":{"line":184,"column":67}}],"line":184},"15":{"loc":{"start":{"line":198,"column":4},"end":{"line":198,"column":75}},"type":"if","locations":[{"start":{"line":198,"column":4},"end":{"line":198,"column":75}},{"start":{},"end":{}}],"line":198}},"s":{"0":0,"1":0,"2":0,"3":0,"4":0,"5":0,"6":0,"7":0,"8":0,"9":0,"10":0,"11":0,"12":0,"13":0,"14":0,"15":0,"16":0,"17":0,"18":0,"19":0,"20":0,"21":0,"22":0,"23":0,"24":0,"25":0,"26":0,"27":0,"28":0,"29":0,"30":0,"31":0,"32":0,"33":0,"34":0,"35":0,"36":0,"37":0,"38":0,"39":0,"40":0,"41":0,"42":0,"43":0,"44":0,"45":0,"46":0,"47":0,"48":0,"49":0,"50":0,"51":0,"52":0,"53":0,"54":0,"55":0,"56":0,"57":0,"58":0,"59":0,"60":0,"61":0,"62":0,"63":0,"64":0,"65":0,"66":0,"67":0,"68":0,"69":0,"70":0,"71":0,"72":0,"73":0,"74":0,"75":0,"76":0,"77":0,"78":0,"79":0,"80":0,"81":0,"82":0,"83":0},"f":{"0":0,"1":0,"2":0,"3":0,"4":0,"5":0},"b":{"0":[0,0],"1":[0,0],"2":[0,0],"3":[0,0],"4":[0,0],"5":[0,0],"6":[0,0],"7":[0,0],"8":[0,0],"9":[0,0],"10":[0,0],"11":[0,0],"12":[0,0],"13":[0,0],"14":[0,0],"15":[0,0]}}
,"/Users/sihemlassar/code/Bystalindrive/backend/controllers/usersCtrl.js": {"path":"/Users/sihemlassar/code/Bystalindrive/backend/controllers/usersCtrl.js","statementMap":{"0":{"start":{"line":1,"column":23},"end":{"line":1,"column":43}},"1":{"start":{"line":2,"column":15},"end":{"line":2,"column":32}},"2":{"start":{"line":3,"column":12},"end":{"line":3,"column":35}},"3":{"start":{"line":4,"column":17},"end":{"line":4,"column":45}},"4":{"start":{"line":5,"column":12},"end":{"line":5,"column":26}},"5":{"start":{"line":6,"column":0},"end":{"line":6,"column":27}},"6":{"start":{"line":8,"column":19},"end":{"line":8,"column":21}},"7":{"start":{"line":9,"column":17},"end":{"line":11,"column":39}},"8":{"start":{"line":15,"column":14},"end":{"line":15,"column":50}},"9":{"start":{"line":15,"column":23},"end":{"line":15,"column":50}},"10":{"start":{"line":19,"column":23},"end":{"line":35,"column":2}},"11":{"start":{"line":38,"column":23},"end":{"line":43,"column":34}},"12":{"start":{"line":46,"column":20},"end":{"line":49,"column":2}},"13":{"start":{"line":52,"column":0},"end":{"line":107,"column":2}},"14":{"start":{"line":53,"column":2},"end":{"line":106,"column":3}},"15":{"start":{"line":54,"column":26},"end":{"line":54,"column":88}},"16":{"start":{"line":55,"column":49},"end":{"line":55,"column":62}},"17":{"start":{"line":57,"column":23},"end":{"line":57,"column":77}},"18":{"start":{"line":58,"column":4},"end":{"line":58,"column":87}},"19":{"start":{"line":58,"column":20},"end":{"line":58,"column":87}},"20":{"start":{"line":60,"column":20},"end":{"line":66,"column":6}},"21":{"start":{"line":68,"column":18},"end":{"line":68,"column":95}},"22":{"start":{"line":69,"column":17},"end":{"line":69,"column":69}},"23":{"start":{"line":71,"column":4},"end":{"line":92,"column":5}},"24":{"start":{"line":72,"column":6},"end":{"line":88,"column":8}},"25":{"start":{"line":89,"column":6},"end":{"line":89,"column":36}},"26":{"start":{"line":91,"column":6},"end":{"line":91,"column":48}},"27":{"start":{"line":94,"column":4},"end":{"line":101,"column":7}},"28":{"start":{"line":103,"column":4},"end":{"line":103,"column":93}},"29":{"start":{"line":103,"column":40},"end":{"line":103,"column":93}},"30":{"start":{"line":104,"column":4},"end":{"line":104,"column":44}},"31":{"start":{"line":105,"column":4},"end":{"line":105,"column":82}},"32":{"start":{"line":110,"column":0},"end":{"line":130,"column":2}},"33":{"start":{"line":111,"column":2},"end":{"line":129,"column":3}},"34":{"start":{"line":112,"column":32},"end":{"line":112,"column":40}},"35":{"start":{"line":114,"column":4},"end":{"line":114,"column":44}},"36":{"start":{"line":116,"column":20},"end":{"line":116,"column":61}},"37":{"start":{"line":117,"column":17},"end":{"line":117,"column":52}},"38":{"start":{"line":118,"column":4},"end":{"line":118,"column":83}},"39":{"start":{"line":118,"column":15},"end":{"line":118,"column":83}},"40":{"start":{"line":119,"column":4},"end":{"line":119,"column":93}},"41":{"start":{"line":119,"column":23},"end":{"line":119,"column":93}},"42":{"start":{"line":121,"column":4},"end":{"line":121,"column":60}},"43":{"start":{"line":122,"column":4},"end":{"line":122,"column":22}},"44":{"start":{"line":124,"column":4},"end":{"line":124,"column":101}},"45":{"start":{"line":126,"column":4},"end":{"line":126,"column":93}},"46":{"start":{"line":126,"column":40},"end":{"line":126,"column":93}},"47":{"start":{"line":127,"column":4},"end":{"line":127,"column":47}},"48":{"start":{"line":128,"column":4},"end":{"line":128,"column":66}},"49":{"start":{"line":133,"column":0},"end":{"line":161,"column":2}},"50":{"start":{"line":134,"column":2},"end":{"line":160,"column":3}},"51":{"start":{"line":135,"column":32},"end":{"line":135,"column":91}},"52":{"start":{"line":137,"column":17},"end":{"line":137,"column":71}},"53":{"start":{"line":138,"column":4},"end":{"line":138,"column":83}},"54":{"start":{"line":138,"column":15},"end":{"line":138,"column":83}},"55":{"start":{"line":139,"column":4},"end":{"line":139,"column":93}},"56":{"start":{"line":139,"column":24},"end":{"line":139,"column":93}},"57":{"start":{"line":141,"column":26},"end":{"line":141,"column":71}},"58":{"start":{"line":142,"column":4},"end":{"line":142,"column":92}},"59":{"start":{"line":142,"column":24},"end":{"line":142,"column":92}},"60":{"start":{"line":144,"column":18},"end":{"line":148,"column":5}},"61":{"start":{"line":151,"column":6},"end":{"line":153,"column":44}},"62":{"start":{"line":155,"column":4},"end":{"line":155,"column":46}},"63":{"start":{"line":157,"column":4},"end":{"line":157,"column":93}},"64":{"start":{"line":157,"column":40},"end":{"line":157,"column":93}},"65":{"start":{"line":158,"column":4},"end":{"line":158,"column":41}},"66":{"start":{"line":159,"column":4},"end":{"line":159,"column":78}},"67":{"start":{"line":164,"column":0},"end":{"line":175,"column":2}},"68":{"start":{"line":165,"column":2},"end":{"line":174,"column":3}},"69":{"start":{"line":166,"column":17},"end":{"line":168,"column":6}},"70":{"start":{"line":169,"column":4},"end":{"line":169,"column":84}},"71":{"start":{"line":169,"column":15},"end":{"line":169,"column":84}},"72":{"start":{"line":170,"column":4},"end":{"line":170,"column":19}},"73":{"start":{"line":172,"column":4},"end":{"line":172,"column":41}},"74":{"start":{"line":173,"column":4},"end":{"line":173,"column":57}},"75":{"start":{"line":178,"column":0},"end":{"line":190,"column":2}},"76":{"start":{"line":179,"column":2},"end":{"line":189,"column":3}},"77":{"start":{"line":180,"column":18},"end":{"line":184,"column":6}},"78":{"start":{"line":185,"column":4},"end":{"line":185,"column":20}},"79":{"start":{"line":187,"column":4},"end":{"line":187,"column":47}},"80":{"start":{"line":188,"column":4},"end":{"line":188,"column":57}},"81":{"start":{"line":193,"column":0},"end":{"line":209,"column":2}},"82":{"start":{"line":194,"column":2},"end":{"line":208,"column":3}},"83":{"start":{"line":195,"column":15},"end":{"line":195,"column":28}},"84":{"start":{"line":196,"column":4},"end":{"line":197,"column":66}},"85":{"start":{"line":197,"column":6},"end":{"line":197,"column":66}},"86":{"start":{"line":199,"column":17},"end":{"line":201,"column":6}},"87":{"start":{"line":202,"column":4},"end":{"line":202,"column":84}},"88":{"start":{"line":202,"column":15},"end":{"line":202,"column":84}},"89":{"start":{"line":204,"column":4},"end":{"line":204,"column":19}},"90":{"start":{"line":206,"column":4},"end":{"line":206,"column":46}},"91":{"start":{"line":207,"column":4},"end":{"line":207,"column":57}},"92":{"start":{"line":212,"column":0},"end":{"line":263,"column":2}},"93":{"start":{"line":213,"column":2},"end":{"line":262,"column":3}},"94":{"start":{"line":214,"column":15},"end":{"line":214,"column":28}},"95":{"start":{"line":215,"column":49},"end":{"line":215,"column":57}},"96":{"start":{"line":218,"column":4},"end":{"line":220,"column":5}},"97":{"start":{"line":219,"column":6},"end":{"line":219,"column":66}},"98":{"start":{"line":223,"column":17},"end":{"line":223,"column":40}},"99":{"start":{"line":224,"column":4},"end":{"line":226,"column":5}},"100":{"start":{"line":225,"column":6},"end":{"line":225,"column":75}},"101":{"start":{"line":229,"column":4},"end":{"line":238,"column":5}},"102":{"start":{"line":230,"column":23},"end":{"line":232,"column":8}},"103":{"start":{"line":233,"column":6},"end":{"line":237,"column":7}},"104":{"start":{"line":234,"column":8},"end":{"line":236,"column":91}},"105":{"start":{"line":241,"column":4},"end":{"line":246,"column":7}},"106":{"start":{"line":248,"column":4},"end":{"line":255,"column":7}},"107":{"start":{"line":257,"column":4},"end":{"line":257,"column":46}},"108":{"start":{"line":258,"column":4},"end":{"line":260,"column":5}},"109":{"start":{"line":259,"column":6},"end":{"line":259,"column":78}},"110":{"start":{"line":261,"column":4},"end":{"line":261,"column":81}},"111":{"start":{"line":266,"column":0},"end":{"line":290,"column":2}},"112":{"start":{"line":267,"column":2},"end":{"line":289,"column":3}},"113":{"start":{"line":268,"column":15},"end":{"line":268,"column":28}},"114":{"start":{"line":269,"column":41},"end":{"line":269,"column":49}},"115":{"start":{"line":271,"column":4},"end":{"line":271,"column":87}},"116":{"start":{"line":271,"column":27},"end":{"line":271,"column":87}},"117":{"start":{"line":273,"column":17},"end":{"line":273,"column":40}},"118":{"start":{"line":274,"column":4},"end":{"line":274,"column":84}},"119":{"start":{"line":274,"column":15},"end":{"line":274,"column":84}},"120":{"start":{"line":276,"column":21},"end":{"line":276,"column":69}},"121":{"start":{"line":277,"column":4},"end":{"line":277,"column":94}},"122":{"start":{"line":277,"column":19},"end":{"line":277,"column":94}},"123":{"start":{"line":279,"column":4},"end":{"line":279,"column":47}},"124":{"start":{"line":281,"column":4},"end":{"line":281,"column":63}},"125":{"start":{"line":282,"column":4},"end":{"line":282,"column":22}},"126":{"start":{"line":284,"column":4},"end":{"line":284,"column":75}},"127":{"start":{"line":286,"column":4},"end":{"line":286,"column":93}},"128":{"start":{"line":286,"column":40},"end":{"line":286,"column":93}},"129":{"start":{"line":287,"column":4},"end":{"line":287,"column":50}},"130":{"start":{"line":288,"column":4},"end":{"line":288,"column":92}},"131":{"start":{"line":293,"column":0},"end":{"line":310,"column":2}},"132":{"start":{"line":294,"column":2},"end":{"line":309,"column":3}},"133":{"start":{"line":295,"column":15},"end":{"line":295,"column":28}},"134":{"start":{"line":296,"column":4},"end":{"line":297,"column":66}},"135":{"start":{"line":297,"column":6},"end":{"line":297,"column":66}},"136":{"start":{"line":299,"column":17},"end":{"line":299,"column":40}},"137":{"start":{"line":300,"column":4},"end":{"line":300,"column":84}},"138":{"start":{"line":300,"column":15},"end":{"line":300,"column":84}},"139":{"start":{"line":302,"column":4},"end":{"line":302,"column":44}},"140":{"start":{"line":303,"column":4},"end":{"line":303,"column":79}},"141":{"start":{"line":305,"column":4},"end":{"line":305,"column":76}},"142":{"start":{"line":307,"column":4},"end":{"line":307,"column":46}},"143":{"start":{"line":308,"column":4},"end":{"line":308,"column":80}},"144":{"start":{"line":313,"column":0},"end":{"line":344,"column":2}},"145":{"start":{"line":314,"column":2},"end":{"line":343,"column":3}},"146":{"start":{"line":315,"column":22},"end":{"line":315,"column":30}},"147":{"start":{"line":316,"column":4},"end":{"line":316,"column":88}},"148":{"start":{"line":318,"column":17},"end":{"line":318,"column":71}},"149":{"start":{"line":319,"column":4},"end":{"line":319,"column":91}},"150":{"start":{"line":319,"column":15},"end":{"line":319,"column":91}},"151":{"start":{"line":321,"column":23},"end":{"line":321,"column":94}},"152":{"start":{"line":322,"column":21},"end":{"line":322,"column":80}},"153":{"start":{"line":324,"column":4},"end":{"line":336,"column":6}},"154":{"start":{"line":338,"column":4},"end":{"line":338,"column":73}},"155":{"start":{"line":340,"column":4},"end":{"line":340,"column":93}},"156":{"start":{"line":340,"column":40},"end":{"line":340,"column":93}},"157":{"start":{"line":341,"column":4},"end":{"line":341,"column":23}},"158":{"start":{"line":342,"column":4},"end":{"line":342,"column":78}},"159":{"start":{"line":347,"column":0},"end":{"line":364,"column":2}},"160":{"start":{"line":348,"column":2},"end":{"line":363,"column":3}},"161":{"start":{"line":349,"column":35},"end":{"line":349,"column":43}},"162":{"start":{"line":350,"column":4},"end":{"line":350,"column":47}},"163":{"start":{"line":352,"column":20},"end":{"line":352,"column":61}},"164":{"start":{"line":353,"column":17},"end":{"line":353,"column":48}},"165":{"start":{"line":354,"column":4},"end":{"line":354,"column":84}},"166":{"start":{"line":354,"column":15},"end":{"line":354,"column":84}},"167":{"start":{"line":356,"column":4},"end":{"line":356,"column":63}},"168":{"start":{"line":357,"column":4},"end":{"line":357,"column":22}},"169":{"start":{"line":359,"column":4},"end":{"line":359,"column":66}},"170":{"start":{"line":361,"column":4},"end":{"line":361,"column":93}},"171":{"start":{"line":361,"column":40},"end":{"line":361,"column":93}},"172":{"start":{"line":362,"column":4},"end":{"line":362,"column":67}}},"fnMap":{"0":{"name":"(anonymous_0)","decl":{"start":{"line":15,"column":14},"end":{"line":15,"column":15}},"loc":{"start":{"line":15,"column":23},"end":{"line":15,"column":50}},"line":15},"1":{"name":"(anonymous_1)","decl":{"start":{"line":52,"column":19},"end":{"line":52,"column":20}},"loc":{"start":{"line":52,"column":39},"end":{"line":107,"column":1}},"line":52},"2":{"name":"(anonymous_2)","decl":{"start":{"line":110,"column":22},"end":{"line":110,"column":23}},"loc":{"start":{"line":110,"column":42},"end":{"line":130,"column":1}},"line":110},"3":{"name":"(anonymous_3)","decl":{"start":{"line":133,"column":16},"end":{"line":133,"column":17}},"loc":{"start":{"line":133,"column":36},"end":{"line":161,"column":1}},"line":133},"4":{"name":"(anonymous_4)","decl":{"start":{"line":164,"column":16},"end":{"line":164,"column":17}},"loc":{"start":{"line":164,"column":36},"end":{"line":175,"column":1}},"line":164},"5":{"name":"(anonymous_5)","decl":{"start":{"line":178,"column":22},"end":{"line":178,"column":23}},"loc":{"start":{"line":178,"column":42},"end":{"line":190,"column":1}},"line":178},"6":{"name":"(anonymous_6)","decl":{"start":{"line":193,"column":21},"end":{"line":193,"column":22}},"loc":{"start":{"line":193,"column":41},"end":{"line":209,"column":1}},"line":193},"7":{"name":"(anonymous_7)","decl":{"start":{"line":212,"column":21},"end":{"line":212,"column":22}},"loc":{"start":{"line":212,"column":41},"end":{"line":263,"column":1}},"line":212},"8":{"name":"(anonymous_8)","decl":{"start":{"line":266,"column":25},"end":{"line":266,"column":26}},"loc":{"start":{"line":266,"column":45},"end":{"line":290,"column":1}},"line":266},"9":{"name":"(anonymous_9)","decl":{"start":{"line":293,"column":21},"end":{"line":293,"column":22}},"loc":{"start":{"line":293,"column":41},"end":{"line":310,"column":1}},"line":293},"10":{"name":"(anonymous_10)","decl":{"start":{"line":313,"column":25},"end":{"line":313,"column":26}},"loc":{"start":{"line":313,"column":45},"end":{"line":344,"column":1}},"line":313},"11":{"name":"(anonymous_11)","decl":{"start":{"line":347,"column":24},"end":{"line":347,"column":25}},"loc":{"start":{"line":347,"column":44},"end":{"line":364,"column":1}},"line":347}},"branchMap":{"0":{"loc":{"start":{"line":9,"column":17},"end":{"line":11,"column":39}},"type":"cond-expr","locations":[{"start":{"line":10,"column":4},"end":{"line":10,"column":27}},{"start":{"line":11,"column":4},"end":{"line":11,"column":39}}],"line":9},"1":{"loc":{"start":{"line":58,"column":4},"end":{"line":58,"column":87}},"type":"if","locations":[{"start":{"line":58,"column":4},"end":{"line":58,"column":87}},{"start":{},"end":{}}],"line":58},"2":{"loc":{"start":{"line":65,"column":12},"end":{"line":65,"column":28}},"type":"binary-expr","locations":[{"start":{"line":65,"column":12},"end":{"line":65,"column":16}},{"start":{"line":65,"column":20},"end":{"line":65,"column":28}}],"line":65},"3":{"loc":{"start":{"line":103,"column":4},"end":{"line":103,"column":93}},"type":"if","locations":[{"start":{"line":103,"column":4},"end":{"line":103,"column":93}},{"start":{},"end":{}}],"line":103},"4":{"loc":{"start":{"line":118,"column":4},"end":{"line":118,"column":83}},"type":"if","locations":[{"start":{"line":118,"column":4},"end":{"line":118,"column":83}},{"start":{},"end":{}}],"line":118},"5":{"loc":{"start":{"line":119,"column":4},"end":{"line":119,"column":93}},"type":"if","locations":[{"start":{"line":119,"column":4},"end":{"line":119,"column":93}},{"start":{},"end":{}}],"line":119},"6":{"loc":{"start":{"line":126,"column":4},"end":{"line":126,"column":93}},"type":"if","locations":[{"start":{"line":126,"column":4},"end":{"line":126,"column":93}},{"start":{},"end":{}}],"line":126},"7":{"loc":{"start":{"line":138,"column":4},"end":{"line":138,"column":83}},"type":"if","locations":[{"start":{"line":138,"column":4},"end":{"line":138,"column":83}},{"start":{},"end":{}}],"line":138},"8":{"loc":{"start":{"line":139,"column":4},"end":{"line":139,"column":93}},"type":"if","locations":[{"start":{"line":139,"column":4},"end":{"line":139,"column":93}},{"start":{},"end":{}}],"line":139},"9":{"loc":{"start":{"line":142,"column":4},"end":{"line":142,"column":92}},"type":"if","locations":[{"start":{"line":142,"column":4},"end":{"line":142,"column":92}},{"start":{},"end":{}}],"line":142},"10":{"loc":{"start":{"line":151,"column":6},"end":{"line":153,"column":44}},"type":"cond-expr","locations":[{"start":{"line":152,"column":10},"end":{"line":152,"column":39}},{"start":{"line":153,"column":10},"end":{"line":153,"column":44}}],"line":151},"11":{"loc":{"start":{"line":157,"column":4},"end":{"line":157,"column":93}},"type":"if","locations":[{"start":{"line":157,"column":4},"end":{"line":157,"column":93}},{"start":{},"end":{}}],"line":157},"12":{"loc":{"start":{"line":169,"column":4},"end":{"line":169,"column":84}},"type":"if","locations":[{"start":{"line":169,"column":4},"end":{"line":169,"column":84}},{"start":{},"end":{}}],"line":169},"13":{"loc":{"start":{"line":196,"column":4},"end":{"line":197,"column":66}},"type":"if","locations":[{"start":{"line":196,"column":4},"end":{"line":197,"column":66}},{"start":{},"end":{}}],"line":196},"14":{"loc":{"start":{"line":196,"column":8},"end":{"line":196,"column":68}},"type":"binary-expr","locations":[{"start":{"line":196,"column":8},"end":{"line":196,"column":25}},{"start":{"line":196,"column":29},"end":{"line":196,"column":68}}],"line":196},"15":{"loc":{"start":{"line":202,"column":4},"end":{"line":202,"column":84}},"type":"if","locations":[{"start":{"line":202,"column":4},"end":{"line":202,"column":84}},{"start":{},"end":{}}],"line":202},"16":{"loc":{"start":{"line":218,"column":4},"end":{"line":220,"column":5}},"type":"if","locations":[{"start":{"line":218,"column":4},"end":{"line":220,"column":5}},{"start":{},"end":{}}],"line":218},"17":{"loc":{"start":{"line":218,"column":8},"end":{"line":218,"column":68}},"type":"binary-expr","locations":[{"start":{"line":218,"column":8},"end":{"line":218,"column":25}},{"start":{"line":218,"column":29},"end":{"line":218,"column":68}}],"line":218},"18":{"loc":{"start":{"line":224,"column":4},"end":{"line":226,"column":5}},"type":"if","locations":[{"start":{"line":224,"column":4},"end":{"line":226,"column":5}},{"start":{},"end":{}}],"line":224},"19":{"loc":{"start":{"line":229,"column":4},"end":{"line":238,"column":5}},"type":"if","locations":[{"start":{"line":229,"column":4},"end":{"line":238,"column":5}},{"start":{},"end":{}}],"line":229},"20":{"loc":{"start":{"line":229,"column":8},"end":{"line":229,"column":37}},"type":"binary-expr","locations":[{"start":{"line":229,"column":8},"end":{"line":229,"column":13}},{"start":{"line":229,"column":17},"end":{"line":229,"column":37}}],"line":229},"21":{"loc":{"start":{"line":233,"column":6},"end":{"line":237,"column":7}},"type":"if","locations":[{"start":{"line":233,"column":6},"end":{"line":237,"column":7}},{"start":{},"end":{}}],"line":233},"22":{"loc":{"start":{"line":242,"column":16},"end":{"line":242,"column":58}},"type":"cond-expr","locations":[{"start":{"line":242,"column":27},"end":{"line":242,"column":42}},{"start":{"line":242,"column":45},"end":{"line":242,"column":58}}],"line":242},"23":{"loc":{"start":{"line":243,"column":17},"end":{"line":243,"column":62}},"type":"cond-expr","locations":[{"start":{"line":243,"column":29},"end":{"line":243,"column":45}},{"start":{"line":243,"column":48},"end":{"line":243,"column":62}}],"line":243},"24":{"loc":{"start":{"line":244,"column":13},"end":{"line":244,"column":46}},"type":"cond-expr","locations":[{"start":{"line":244,"column":21},"end":{"line":244,"column":33}},{"start":{"line":244,"column":36},"end":{"line":244,"column":46}}],"line":244},"25":{"loc":{"start":{"line":245,"column":12},"end":{"line":245,"column":29}},"type":"binary-expr","locations":[{"start":{"line":245,"column":12},"end":{"line":245,"column":16}},{"start":{"line":245,"column":20},"end":{"line":245,"column":29}}],"line":245},"26":{"loc":{"start":{"line":258,"column":4},"end":{"line":260,"column":5}},"type":"if","locations":[{"start":{"line":258,"column":4},"end":{"line":260,"column":5}},{"start":{},"end":{}}],"line":258},"27":{"loc":{"start":{"line":271,"column":4},"end":{"line":271,"column":87}},"type":"if","locations":[{"start":{"line":271,"column":4},"end":{"line":271,"column":87}},{"start":{},"end":{}}],"line":271},"28":{"loc":{"start":{"line":274,"column":4},"end":{"line":274,"column":84}},"type":"if","locations":[{"start":{"line":274,"column":4},"end":{"line":274,"column":84}},{"start":{},"end":{}}],"line":274},"29":{"loc":{"start":{"line":277,"column":4},"end":{"line":277,"column":94}},"type":"if","locations":[{"start":{"line":277,"column":4},"end":{"line":277,"column":94}},{"start":{},"end":{}}],"line":277},"30":{"loc":{"start":{"line":286,"column":4},"end":{"line":286,"column":93}},"type":"if","locations":[{"start":{"line":286,"column":4},"end":{"line":286,"column":93}},{"start":{},"end":{}}],"line":286},"31":{"loc":{"start":{"line":296,"column":4},"end":{"line":297,"column":66}},"type":"if","locations":[{"start":{"line":296,"column":4},"end":{"line":297,"column":66}},{"start":{},"end":{}}],"line":296},"32":{"loc":{"start":{"line":296,"column":8},"end":{"line":296,"column":68}},"type":"binary-expr","locations":[{"start":{"line":296,"column":8},"end":{"line":296,"column":25}},{"start":{"line":296,"column":29},"end":{"line":296,"column":68}}],"line":296},"33":{"loc":{"start":{"line":300,"column":4},"end":{"line":300,"column":84}},"type":"if","locations":[{"start":{"line":300,"column":4},"end":{"line":300,"column":84}},{"start":{},"end":{}}],"line":300},"34":{"loc":{"start":{"line":319,"column":4},"end":{"line":319,"column":91}},"type":"if","locations":[{"start":{"line":319,"column":4},"end":{"line":319,"column":91}},{"start":{},"end":{}}],"line":319},"35":{"loc":{"start":{"line":340,"column":4},"end":{"line":340,"column":93}},"type":"if","locations":[{"start":{"line":340,"column":4},"end":{"line":340,"column":93}},{"start":{},"end":{}}],"line":340},"36":{"loc":{"start":{"line":354,"column":4},"end":{"line":354,"column":84}},"type":"if","locations":[{"start":{"line":354,"column":4},"end":{"line":354,"column":84}},{"start":{},"end":{}}],"line":354},"37":{"loc":{"start":{"line":361,"column":4},"end":{"line":361,"column":93}},"type":"if","locations":[{"start":{"line":361,"column":4},"end":{"line":361,"column":93}},{"start":{},"end":{}}],"line":361}},"s":{"0":1,"1":1,"2":1,"3":1,"4":1,"5":1,"6":1,"7":1,"8":1,"9":5,"10":1,"11":1,"12":1,"13":1,"14":1,"15":1,"16":1,"17":1,"18":1,"19":0,"20":1,"21":1,"22":1,"23":1,"24":1,"25":1,"26":0,"27":1,"28":0,"29":0,"30":0,"31":0,"32":1,"33":1,"34":1,"35":1,"36":1,"37":1,"38":1,"39":0,"40":1,"41":0,"42":1,"43":1,"44":1,"45":0,"46":0,"47":0,"48":0,"49":1,"50":1,"51":1,"52":1,"53":1,"54":0,"55":1,"56":0,"57":1,"58":1,"59":0,"60":1,"61":1,"62":1,"63":0,"64":0,"65":0,"66":0,"67":1,"68":0,"69":0,"70":0,"71":0,"72":0,"73":0,"74":0,"75":1,"76":0,"77":0,"78":0,"79":0,"80":0,"81":1,"82":0,"83":0,"84":0,"85":0,"86":0,"87":0,"88":0,"89":0,"90":0,"91":0,"92":1,"93":0,"94":0,"95":0,"96":0,"97":0,"98":0,"99":0,"100":0,"101":0,"102":0,"103":0,"104":0,"105":0,"106":0,"107":0,"108":0,"109":0,"110":0,"111":1,"112":0,"113":0,"114":0,"115":0,"116":0,"117":0,"118":0,"119":0,"120":0,"121":0,"122":0,"123":0,"124":0,"125":0,"126":0,"127":0,"128":0,"129":0,"130":0,"131":1,"132":0,"133":0,"134":0,"135":0,"136":0,"137":0,"138":0,"139":0,"140":0,"141":0,"142":0,"143":0,"144":1,"145":0,"146":0,"147":0,"148":0,"149":0,"150":0,"151":0,"152":0,"153":0,"154":0,"155":0,"156":0,"157":0,"158":0,"159":1,"160":0,"161":0,"162":0,"163":0,"164":0,"165":0,"166":0,"167":0,"168":0,"169":0,"170":0,"171":0,"172":0},"f":{"0":5,"1":1,"2":1,"3":1,"4":0,"5":0,"6":0,"7":0,"8":0,"9":0,"10":0,"11":0},"b":{"0":[0,1],"1":[0,1],"2":[1,0],"3":[0,0],"4":[0,1],"5":[0,1],"6":[0,0],"7":[0,1],"8":[0,1],"9":[0,1],"10":[0,1],"11":[0,0],"12":[0,0],"13":[0,0],"14":[0,0],"15":[0,0],"16":[0,0],"17":[0,0],"18":[0,0],"19":[0,0],"20":[0,0],"21":[0,0],"22":[0,0],"23":[0,0],"24":[0,0],"25":[0,0],"26":[0,0],"27":[0,0],"28":[0,0],"29":[0,0],"30":[0,0],"31":[0,0],"32":[0,0],"33":[0,0],"34":[0,0],"35":[0,0],"36":[0,0],"37":[0,0]},"_coverageSchema":"1a1c01bbd47fc00a2c39e90264f33305004495a9","hash":"8c79ae13468329674868eefb0bd21570ec6ab732"}
,"/Users/sihemlassar/code/Bystalindrive/backend/models/index.js": {"path":"/Users/sihemlassar/code/Bystalindrive/backend/models/index.js","statementMap":{"0":{"start":{"line":3,"column":11},"end":{"line":3,"column":24}},"1":{"start":{"line":4,"column":13},"end":{"line":4,"column":28}},"2":{"start":{"line":5,"column":33},"end":{"line":5,"column":53}},"3":{"start":{"line":6,"column":16},"end":{"line":6,"column":34}},"4":{"start":{"line":9,"column":17},"end":{"line":9,"column":42}},"5":{"start":{"line":12,"column":12},"end":{"line":12,"column":49}},"6":{"start":{"line":15,"column":15},"end":{"line":15,"column":73}},"7":{"start":{"line":18,"column":11},"end":{"line":18,"column":13}},"8":{"start":{"line":23,"column":0},"end":{"line":37,"column":1}},"9":{"start":{"line":24,"column":2},"end":{"line":28,"column":5}},"10":{"start":{"line":31,"column":7},"end":{"line":37,"column":1}},"11":{"start":{"line":32,"column":2},"end":{"line":32,"column":74}},"12":{"start":{"line":36,"column":2},"end":{"line":36,"column":87}},"13":{"start":{"line":40,"column":0},"end":{"line":63,"column":5}},"14":{"start":{"line":43,"column":4},"end":{"line":46,"column":35}},"15":{"start":{"line":50,"column":25},"end":{"line":50,"column":60}},"16":{"start":{"line":53,"column":4},"end":{"line":56,"column":5}},"17":{"start":{"line":54,"column":6},"end":{"line":54,"column":87}},"18":{"start":{"line":55,"column":6},"end":{"line":55,"column":13}},"19":{"start":{"line":59,"column":18},"end":{"line":59,"column":52}},"20":{"start":{"line":62,"column":4},"end":{"line":62,"column":27}},"21":{"start":{"line":66,"column":0},"end":{"line":70,"column":3}},"22":{"start":{"line":67,"column":2},"end":{"line":69,"column":3}},"23":{"start":{"line":68,"column":4},"end":{"line":68,"column":32}},"24":{"start":{"line":73,"column":0},"end":{"line":73,"column":25}},"25":{"start":{"line":74,"column":0},"end":{"line":74,"column":25}},"26":{"start":{"line":77,"column":0},"end":{"line":77,"column":20}}},"fnMap":{"0":{"name":"(anonymous_0)","decl":{"start":{"line":42,"column":10},"end":{"line":42,"column":11}},"loc":{"start":{"line":43,"column":4},"end":{"line":46,"column":35}},"line":43},"1":{"name":"(anonymous_1)","decl":{"start":{"line":48,"column":11},"end":{"line":48,"column":12}},"loc":{"start":{"line":48,"column":19},"end":{"line":63,"column":3}},"line":48},"2":{"name":"(anonymous_2)","decl":{"start":{"line":66,"column":24},"end":{"line":66,"column":25}},"loc":{"start":{"line":66,"column":37},"end":{"line":70,"column":1}},"line":66}},"branchMap":{"0":{"loc":{"start":{"line":12,"column":12},"end":{"line":12,"column":49}},"type":"binary-expr","locations":[{"start":{"line":12,"column":12},"end":{"line":12,"column":32}},{"start":{"line":12,"column":36},"end":{"line":12,"column":49}}],"line":12},"1":{"loc":{"start":{"line":23,"column":0},"end":{"line":37,"column":1}},"type":"if","locations":[{"start":{"line":23,"column":0},"end":{"line":37,"column":1}},{"start":{"line":31,"column":7},"end":{"line":37,"column":1}}],"line":23},"2":{"loc":{"start":{"line":31,"column":7},"end":{"line":37,"column":1}},"type":"if","locations":[{"start":{"line":31,"column":7},"end":{"line":37,"column":1}},{"start":{"line":35,"column":7},"end":{"line":37,"column":1}}],"line":31},"3":{"loc":{"start":{"line":43,"column":4},"end":{"line":46,"column":35}},"type":"binary-expr","locations":[{"start":{"line":43,"column":4},"end":{"line":43,"column":27}},{"start":{"line":44,"column":4},"end":{"line":44,"column":21}},{"start":{"line":45,"column":4},"end":{"line":45,"column":28}},{"start":{"line":46,"column":4},"end":{"line":46,"column":35}}],"line":43},"4":{"loc":{"start":{"line":53,"column":4},"end":{"line":56,"column":5}},"type":"if","locations":[{"start":{"line":53,"column":4},"end":{"line":56,"column":5}},{"start":{},"end":{}}],"line":53},"5":{"loc":{"start":{"line":67,"column":2},"end":{"line":69,"column":3}},"type":"if","locations":[{"start":{"line":67,"column":2},"end":{"line":69,"column":3}},{"start":{},"end":{}}],"line":67}},"s":{"0":2,"1":2,"2":2,"3":2,"4":2,"5":2,"6":2,"7":2,"8":2,"9":2,"10":0,"11":0,"12":0,"13":2,"14":6,"15":4,"16":4,"17":0,"18":0,"19":4,"20":4,"21":2,"22":4,"23":4,"24":2,"25":2,"26":2},"f":{"0":6,"1":4,"2":4},"b":{"0":[2,0],"1":[2,0],"2":[0,0],"3":[6,6,4,4],"4":[0,4],"5":[4,0]},"_coverageSchema":"1a1c01bbd47fc00a2c39e90264f33305004495a9","hash":"708269f2e32739587bf8ebbe753df358550868f7"}
,"/Users/sihemlassar/code/Bystalindrive/backend/models/post.js": {"path":"/Users/sihemlassar/code/Bystalindrive/backend/models/post.js","statementMap":{"0":{"start":{"line":3,"column":0},"end":{"line":47,"column":2}},"1":{"start":{"line":5,"column":15},"end":{"line":35,"column":4}},"2":{"start":{"line":38,"column":2},"end":{"line":44,"column":4}},"3":{"start":{"line":40,"column":4},"end":{"line":40,"column":73}},"4":{"start":{"line":43,"column":4},"end":{"line":43,"column":75}},"5":{"start":{"line":46,"column":2},"end":{"line":46,"column":14}}},"fnMap":{"0":{"name":"(anonymous_0)","decl":{"start":{"line":3,"column":17},"end":{"line":3,"column":18}},"loc":{"start":{"line":3,"column":43},"end":{"line":47,"column":1}},"line":3},"1":{"name":"(anonymous_1)","decl":{"start":{"line":38,"column":19},"end":{"line":38,"column":20}},"loc":{"start":{"line":38,"column":31},"end":{"line":44,"column":3}},"line":38}},"branchMap":{},"s":{"0":2,"1":2,"2":2,"3":2,"4":2,"5":2},"f":{"0":2,"1":2},"b":{},"_coverageSchema":"1a1c01bbd47fc00a2c39e90264f33305004495a9","hash":"4531a7765e12a66d575751560f0586572a0927ce"}
,"/Users/sihemlassar/code/Bystalindrive/backend/models/user.js": {"path":"/Users/sihemlassar/code/Bystalindrive/backend/models/user.js","statementMap":{"0":{"start":{"line":3,"column":0},"end":{"line":50,"column":2}},"1":{"start":{"line":5,"column":15},"end":{"line":38,"column":4}},"2":{"start":{"line":41,"column":2},"end":{"line":47,"column":4}},"3":{"start":{"line":43,"column":4},"end":{"line":43,"column":74}},"4":{"start":{"line":46,"column":4},"end":{"line":46,"column":76}},"5":{"start":{"line":49,"column":2},"end":{"line":49,"column":14}}},"fnMap":{"0":{"name":"(anonymous_0)","decl":{"start":{"line":3,"column":17},"end":{"line":3,"column":18}},"loc":{"start":{"line":3,"column":43},"end":{"line":50,"column":1}},"line":3},"1":{"name":"(anonymous_1)","decl":{"start":{"line":41,"column":19},"end":{"line":41,"column":20}},"loc":{"start":{"line":41,"column":31},"end":{"line":47,"column":3}},"line":41}},"branchMap":{},"s":{"0":2,"1":2,"2":2,"3":2,"4":2,"5":2},"f":{"0":2,"1":2},"b":{},"_coverageSchema":"1a1c01bbd47fc00a2c39e90264f33305004495a9","hash":"15152c46190f59b1c3dbeddbc2191d2d732b1346"}
}
