{"/Users/sihemlassar/code/CDA-project/backend/controllers/postsCtrl.js": {"path":"/Users/sihemlassar/code/CDA-project/backend/controllers/postsCtrl.js","statementMap":{"0":{"start":{"line":2,"column":23},"end":{"line":2,"column":43}},"1":{"start":{"line":3,"column":15},"end":{"line":3,"column":35}},"2":{"start":{"line":4,"column":12},"end":{"line":4,"column":26}},"3":{"start":{"line":7,"column":19},"end":{"line":21,"column":2}},"4":{"start":{"line":24,"column":0},"end":{"line":93,"column":2}},"5":{"start":{"line":25,"column":2},"end":{"line":92,"column":3}},"6":{"start":{"line":27,"column":26},"end":{"line":27,"column":84}},"7":{"start":{"line":28,"column":66},"end":{"line":28,"column":79}},"8":{"start":{"line":31,"column":17},"end":{"line":31,"column":47}},"9":{"start":{"line":32,"column":4},"end":{"line":32,"column":83}},"10":{"start":{"line":32,"column":15},"end":{"line":32,"column":83}},"11":{"start":{"line":35,"column":26},"end":{"line":50,"column":6}},"12":{"start":{"line":51,"column":4},"end":{"line":53,"column":5}},"13":{"start":{"line":52,"column":6},"end":{"line":52,"column":95}},"14":{"start":{"line":56,"column":27},"end":{"line":71,"column":6}},"15":{"start":{"line":72,"column":4},"end":{"line":74,"column":5}},"16":{"start":{"line":73,"column":6},"end":{"line":73,"column":97}},"17":{"start":{"line":77,"column":17},"end":{"line":83,"column":6}},"18":{"start":{"line":85,"column":4},"end":{"line":85,"column":38}},"19":{"start":{"line":87,"column":4},"end":{"line":89,"column":5}},"20":{"start":{"line":88,"column":6},"end":{"line":88,"column":59}},"21":{"start":{"line":90,"column":4},"end":{"line":90,"column":45}},"22":{"start":{"line":91,"column":4},"end":{"line":91,"column":83}},"23":{"start":{"line":96,"column":0},"end":{"line":137,"column":2}},"24":{"start":{"line":97,"column":2},"end":{"line":136,"column":3}},"25":{"start":{"line":98,"column":19},"end":{"line":98,"column":29}},"26":{"start":{"line":99,"column":66},"end":{"line":99,"column":74}},"27":{"start":{"line":102,"column":25},"end":{"line":107,"column":6}},"28":{"start":{"line":109,"column":4},"end":{"line":109,"column":65}},"29":{"start":{"line":111,"column":17},"end":{"line":111,"column":40}},"30":{"start":{"line":112,"column":4},"end":{"line":112,"column":75}},"31":{"start":{"line":112,"column":15},"end":{"line":112,"column":75}},"32":{"start":{"line":114,"column":4},"end":{"line":116,"column":5}},"33":{"start":{"line":115,"column":6},"end":{"line":115,"column":65}},"34":{"start":{"line":118,"column":4},"end":{"line":122,"column":5}},"35":{"start":{"line":119,"column":19},"end":{"line":119,"column":49}},"36":{"start":{"line":120,"column":6},"end":{"line":120,"column":85}},"37":{"start":{"line":120,"column":17},"end":{"line":120,"column":85}},"38":{"start":{"line":121,"column":6},"end":{"line":121,"column":33}},"39":{"start":{"line":124,"column":4},"end":{"line":124,"column":67}},"40":{"start":{"line":124,"column":26},"end":{"line":124,"column":67}},"41":{"start":{"line":125,"column":4},"end":{"line":125,"column":49}},"42":{"start":{"line":125,"column":20},"end":{"line":125,"column":49}},"43":{"start":{"line":126,"column":4},"end":{"line":126,"column":43}},"44":{"start":{"line":126,"column":18},"end":{"line":126,"column":43}},"45":{"start":{"line":128,"column":4},"end":{"line":128,"column":22}},"46":{"start":{"line":129,"column":4},"end":{"line":129,"column":38}},"47":{"start":{"line":131,"column":4},"end":{"line":133,"column":5}},"48":{"start":{"line":132,"column":6},"end":{"line":132,"column":59}},"49":{"start":{"line":134,"column":4},"end":{"line":134,"column":45}},"50":{"start":{"line":135,"column":4},"end":{"line":135,"column":83}},"51":{"start":{"line":140,"column":0},"end":{"line":155,"column":2}},"52":{"start":{"line":141,"column":2},"end":{"line":154,"column":3}},"53":{"start":{"line":142,"column":18},"end":{"line":149,"column":6}},"54":{"start":{"line":150,"column":4},"end":{"line":150,"column":39}},"55":{"start":{"line":152,"column":4},"end":{"line":152,"column":23}},"56":{"start":{"line":153,"column":4},"end":{"line":153,"column":83}},"57":{"start":{"line":157,"column":0},"end":{"line":172,"column":2}},"58":{"start":{"line":158,"column":2},"end":{"line":171,"column":3}},"59":{"start":{"line":159,"column":18},"end":{"line":166,"column":6}},"60":{"start":{"line":167,"column":4},"end":{"line":167,"column":39}},"61":{"start":{"line":169,"column":4},"end":{"line":169,"column":23}},"62":{"start":{"line":170,"column":4},"end":{"line":170,"column":83}},"63":{"start":{"line":174,"column":0},"end":{"line":192,"column":2}},"64":{"start":{"line":175,"column":2},"end":{"line":191,"column":3}},"65":{"start":{"line":176,"column":19},"end":{"line":176,"column":29}},"66":{"start":{"line":177,"column":17},"end":{"line":182,"column":6}},"67":{"start":{"line":183,"column":4},"end":{"line":183,"column":75}},"68":{"start":{"line":183,"column":15},"end":{"line":183,"column":75}},"69":{"start":{"line":184,"column":4},"end":{"line":186,"column":5}},"70":{"start":{"line":185,"column":6},"end":{"line":185,"column":65}},"71":{"start":{"line":187,"column":4},"end":{"line":187,"column":38}},"72":{"start":{"line":189,"column":4},"end":{"line":189,"column":23}},"73":{"start":{"line":190,"column":4},"end":{"line":190,"column":83}},"74":{"start":{"line":194,"column":0},"end":{"line":205,"column":2}},"75":{"start":{"line":195,"column":2},"end":{"line":204,"column":3}},"76":{"start":{"line":196,"column":19},"end":{"line":196,"column":29}},"77":{"start":{"line":197,"column":17},"end":{"line":197,"column":40}},"78":{"start":{"line":198,"column":4},"end":{"line":198,"column":75}},"79":{"start":{"line":198,"column":15},"end":{"line":198,"column":75}},"80":{"start":{"line":199,"column":4},"end":{"line":199,"column":25}},"81":{"start":{"line":200,"column":4},"end":{"line":200,"column":61}},"82":{"start":{"line":202,"column":4},"end":{"line":202,"column":45}},"83":{"start":{"line":203,"column":4},"end":{"line":203,"column":83}}},"fnMap":{"0":{"name":"(anonymous_0)","decl":{"start":{"line":24,"column":21},"end":{"line":24,"column":22}},"loc":{"start":{"line":24,"column":41},"end":{"line":93,"column":1}},"line":24},"1":{"name":"(anonymous_1)","decl":{"start":{"line":96,"column":21},"end":{"line":96,"column":22}},"loc":{"start":{"line":96,"column":41},"end":{"line":137,"column":1}},"line":96},"2":{"name":"(anonymous_2)","decl":{"start":{"line":140,"column":22},"end":{"line":140,"column":23}},"loc":{"start":{"line":140,"column":42},"end":{"line":155,"column":1}},"line":140},"3":{"name":"(anonymous_3)","decl":{"start":{"line":157,"column":21},"end":{"line":157,"column":22}},"loc":{"start":{"line":157,"column":41},"end":{"line":172,"column":1}},"line":157},"4":{"name":"(anonymous_4)","decl":{"start":{"line":174,"column":21},"end":{"line":174,"column":22}},"loc":{"start":{"line":174,"column":41},"end":{"line":192,"column":1}},"line":174},"5":{"name":"(anonymous_5)","decl":{"start":{"line":194,"column":21},"end":{"line":194,"column":22}},"loc":{"start":{"line":194,"column":41},"end":{"line":205,"column":1}},"line":194}},"branchMap":{"0":{"loc":{"start":{"line":32,"column":4},"end":{"line":32,"column":83}},"type":"if","locations":[{"start":{"line":32,"column":4},"end":{"line":32,"column":83}},{"start":{},"end":{}}],"line":32},"1":{"loc":{"start":{"line":51,"column":4},"end":{"line":53,"column":5}},"type":"if","locations":[{"start":{"line":51,"column":4},"end":{"line":53,"column":5}},{"start":{},"end":{}}],"line":51},"2":{"loc":{"start":{"line":72,"column":4},"end":{"line":74,"column":5}},"type":"if","locations":[{"start":{"line":72,"column":4},"end":{"line":74,"column":5}},{"start":{},"end":{}}],"line":72},"3":{"loc":{"start":{"line":87,"column":4},"end":{"line":89,"column":5}},"type":"if","locations":[{"start":{"line":87,"column":4},"end":{"line":89,"column":5}},{"start":{},"end":{}}],"line":87},"4":{"loc":{"start":{"line":112,"column":4},"end":{"line":112,"column":75}},"type":"if","locations":[{"start":{"line":112,"column":4},"end":{"line":112,"column":75}},{"start":{},"end":{}}],"line":112},"5":{"loc":{"start":{"line":114,"column":4},"end":{"line":116,"column":5}},"type":"if","locations":[{"start":{"line":114,"column":4},"end":{"line":116,"column":5}},{"start":{},"end":{}}],"line":114},"6":{"loc":{"start":{"line":118,"column":4},"end":{"line":122,"column":5}},"type":"if","locations":[{"start":{"line":118,"column":4},"end":{"line":122,"column":5}},{"start":{},"end":{}}],"line":118},"7":{"loc":{"start":{"line":120,"column":6},"end":{"line":120,"column":85}},"type":"if","locations":[{"start":{"line":120,"column":6},"end":{"line":120,"column":85}},{"start":{},"end":{}}],"line":120},"8":{"loc":{"start":{"line":124,"column":4},"end":{"line":124,"column":67}},"type":"if","locations":[{"start":{"line":124,"column":4},"end":{"line":124,"column":67}},{"start":{},"end":{}}],"line":124},"9":{"loc":{"start":{"line":125,"column":4},"end":{"line":125,"column":49}},"type":"if","locations":[{"start":{"line":125,"column":4},"end":{"line":125,"column":49}},{"start":{},"end":{}}],"line":125},"10":{"loc":{"start":{"line":126,"column":4},"end":{"line":126,"column":43}},"type":"if","locations":[{"start":{"line":126,"column":4},"end":{"line":126,"column":43}},{"start":{},"end":{}}],"line":126},"11":{"loc":{"start":{"line":131,"column":4},"end":{"line":133,"column":5}},"type":"if","locations":[{"start":{"line":131,"column":4},"end":{"line":133,"column":5}},{"start":{},"end":{}}],"line":131},"12":{"loc":{"start":{"line":183,"column":4},"end":{"line":183,"column":75}},"type":"if","locations":[{"start":{"line":183,"column":4},"end":{"line":183,"column":75}},{"start":{},"end":{}}],"line":183},"13":{"loc":{"start":{"line":184,"column":4},"end":{"line":186,"column":5}},"type":"if","locations":[{"start":{"line":184,"column":4},"end":{"line":186,"column":5}},{"start":{},"end":{}}],"line":184},"14":{"loc":{"start":{"line":184,"column":8},"end":{"line":184,"column":67}},"type":"binary-expr","locations":[{"start":{"line":184,"column":8},"end":{"line":184,"column":33}},{"start":{"line":184,"column":37},"end":{"line":184,"column":67}}],"line":184},"15":{"loc":{"start":{"line":198,"column":4},"end":{"line":198,"column":75}},"type":"if","locations":[{"start":{"line":198,"column":4},"end":{"line":198,"column":75}},{"start":{},"end":{}}],"line":198}},"s":{"0":1,"1":1,"2":1,"3":1,"4":1,"5":0,"6":0,"7":0,"8":0,"9":0,"10":0,"11":0,"12":0,"13":0,"14":0,"15":0,"16":0,"17":0,"18":0,"19":0,"20":0,"21":0,"22":0,"23":1,"24":0,"25":0,"26":0,"27":0,"28":0,"29":0,"30":0,"31":0,"32":0,"33":0,"34":0,"35":0,"36":0,"37":0,"38":0,"39":0,"40":0,"41":0,"42":0,"43":0,"44":0,"45":0,"46":0,"47":0,"48":0,"49":0,"50":0,"51":1,"52":0,"53":0,"54":0,"55":0,"56":0,"57":1,"58":0,"59":0,"60":0,"61":0,"62":0,"63":1,"64":0,"65":0,"66":0,"67":0,"68":0,"69":0,"70":0,"71":0,"72":0,"73":0,"74":1,"75":0,"76":0,"77":0,"78":0,"79":0,"80":0,"81":0,"82":0,"83":0},"f":{"0":0,"1":0,"2":0,"3":0,"4":0,"5":0},"b":{"0":[0,0],"1":[0,0],"2":[0,0],"3":[0,0],"4":[0,0],"5":[0,0],"6":[0,0],"7":[0,0],"8":[0,0],"9":[0,0],"10":[0,0],"11":[0,0],"12":[0,0],"13":[0,0],"14":[0,0],"15":[0,0]},"_coverageSchema":"1a1c01bbd47fc00a2c39e90264f33305004495a9","hash":"356b6be904e33f1c15a2c09826b4b85b7d4b0613"}
,"/Users/sihemlassar/code/CDA-project/backend/controllers/usersCtrl.js": {"path":"/Users/sihemlassar/code/CDA-project/backend/controllers/usersCtrl.js","statementMap":{"0":{"start":{"line":1,"column":23},"end":{"line":1,"column":43}},"1":{"start":{"line":2,"column":15},"end":{"line":2,"column":32}},"2":{"start":{"line":3,"column":12},"end":{"line":3,"column":35}},"3":{"start":{"line":4,"column":19},"end":{"line":4,"column":40}},"4":{"start":{"line":5,"column":15},"end":{"line":5,"column":32}},"5":{"start":{"line":6,"column":17},"end":{"line":6,"column":45}},"6":{"start":{"line":7,"column":12},"end":{"line":7,"column":26}},"7":{"start":{"line":8,"column":0},"end":{"line":8,"column":27}},"8":{"start":{"line":10,"column":19},"end":{"line":10,"column":21}},"9":{"start":{"line":14,"column":14},"end":{"line":14,"column":50}},"10":{"start":{"line":14,"column":23},"end":{"line":14,"column":50}},"11":{"start":{"line":18,"column":23},"end":{"line":34,"column":2}},"12":{"start":{"line":37,"column":23},"end":{"line":42,"column":34}},"13":{"start":{"line":45,"column":20},"end":{"line":48,"column":2}},"14":{"start":{"line":51,"column":0},"end":{"line":103,"column":2}},"15":{"start":{"line":52,"column":2},"end":{"line":102,"column":3}},"16":{"start":{"line":54,"column":26},"end":{"line":54,"column":88}},"17":{"start":{"line":55,"column":49},"end":{"line":55,"column":62}},"18":{"start":{"line":57,"column":23},"end":{"line":57,"column":77}},"19":{"start":{"line":58,"column":4},"end":{"line":58,"column":87}},"20":{"start":{"line":58,"column":20},"end":{"line":58,"column":87}},"21":{"start":{"line":60,"column":20},"end":{"line":67,"column":6}},"22":{"start":{"line":69,"column":18},"end":{"line":69,"column":95}},"23":{"start":{"line":70,"column":17},"end":{"line":70,"column":79}},"24":{"start":{"line":72,"column":4},"end":{"line":88,"column":6}},"25":{"start":{"line":90,"column":4},"end":{"line":97,"column":7}},"26":{"start":{"line":99,"column":4},"end":{"line":99,"column":93}},"27":{"start":{"line":99,"column":40},"end":{"line":99,"column":93}},"28":{"start":{"line":100,"column":4},"end":{"line":100,"column":44}},"29":{"start":{"line":101,"column":4},"end":{"line":101,"column":82}},"30":{"start":{"line":106,"column":0},"end":{"line":126,"column":2}},"31":{"start":{"line":107,"column":2},"end":{"line":125,"column":3}},"32":{"start":{"line":108,"column":32},"end":{"line":108,"column":40}},"33":{"start":{"line":110,"column":4},"end":{"line":110,"column":44}},"34":{"start":{"line":112,"column":20},"end":{"line":112,"column":61}},"35":{"start":{"line":113,"column":17},"end":{"line":113,"column":52}},"36":{"start":{"line":114,"column":4},"end":{"line":114,"column":83}},"37":{"start":{"line":114,"column":15},"end":{"line":114,"column":83}},"38":{"start":{"line":115,"column":4},"end":{"line":115,"column":93}},"39":{"start":{"line":115,"column":23},"end":{"line":115,"column":93}},"40":{"start":{"line":117,"column":4},"end":{"line":117,"column":60}},"41":{"start":{"line":118,"column":4},"end":{"line":118,"column":22}},"42":{"start":{"line":120,"column":4},"end":{"line":120,"column":101}},"43":{"start":{"line":122,"column":4},"end":{"line":122,"column":93}},"44":{"start":{"line":122,"column":40},"end":{"line":122,"column":93}},"45":{"start":{"line":123,"column":4},"end":{"line":123,"column":47}},"46":{"start":{"line":124,"column":4},"end":{"line":124,"column":66}},"47":{"start":{"line":129,"column":0},"end":{"line":157,"column":2}},"48":{"start":{"line":130,"column":2},"end":{"line":156,"column":3}},"49":{"start":{"line":131,"column":32},"end":{"line":131,"column":91}},"50":{"start":{"line":133,"column":17},"end":{"line":133,"column":71}},"51":{"start":{"line":134,"column":4},"end":{"line":134,"column":83}},"52":{"start":{"line":134,"column":15},"end":{"line":134,"column":83}},"53":{"start":{"line":135,"column":4},"end":{"line":135,"column":93}},"54":{"start":{"line":135,"column":24},"end":{"line":135,"column":93}},"55":{"start":{"line":137,"column":26},"end":{"line":137,"column":71}},"56":{"start":{"line":138,"column":4},"end":{"line":138,"column":92}},"57":{"start":{"line":138,"column":24},"end":{"line":138,"column":92}},"58":{"start":{"line":140,"column":18},"end":{"line":144,"column":5}},"59":{"start":{"line":147,"column":6},"end":{"line":149,"column":44}},"60":{"start":{"line":151,"column":4},"end":{"line":151,"column":46}},"61":{"start":{"line":153,"column":4},"end":{"line":153,"column":93}},"62":{"start":{"line":153,"column":40},"end":{"line":153,"column":93}},"63":{"start":{"line":154,"column":4},"end":{"line":154,"column":41}},"64":{"start":{"line":155,"column":4},"end":{"line":155,"column":78}},"65":{"start":{"line":160,"column":0},"end":{"line":171,"column":2}},"66":{"start":{"line":161,"column":2},"end":{"line":170,"column":3}},"67":{"start":{"line":162,"column":17},"end":{"line":164,"column":6}},"68":{"start":{"line":165,"column":4},"end":{"line":165,"column":84}},"69":{"start":{"line":165,"column":15},"end":{"line":165,"column":84}},"70":{"start":{"line":166,"column":4},"end":{"line":166,"column":19}},"71":{"start":{"line":168,"column":4},"end":{"line":168,"column":41}},"72":{"start":{"line":169,"column":4},"end":{"line":169,"column":57}},"73":{"start":{"line":174,"column":0},"end":{"line":186,"column":2}},"74":{"start":{"line":175,"column":2},"end":{"line":185,"column":3}},"75":{"start":{"line":176,"column":18},"end":{"line":180,"column":6}},"76":{"start":{"line":181,"column":4},"end":{"line":181,"column":20}},"77":{"start":{"line":183,"column":4},"end":{"line":183,"column":47}},"78":{"start":{"line":184,"column":4},"end":{"line":184,"column":57}},"79":{"start":{"line":189,"column":0},"end":{"line":205,"column":2}},"80":{"start":{"line":190,"column":2},"end":{"line":204,"column":3}},"81":{"start":{"line":191,"column":15},"end":{"line":191,"column":28}},"82":{"start":{"line":192,"column":4},"end":{"line":193,"column":66}},"83":{"start":{"line":193,"column":6},"end":{"line":193,"column":66}},"84":{"start":{"line":195,"column":17},"end":{"line":197,"column":6}},"85":{"start":{"line":198,"column":4},"end":{"line":198,"column":84}},"86":{"start":{"line":198,"column":15},"end":{"line":198,"column":84}},"87":{"start":{"line":200,"column":4},"end":{"line":200,"column":19}},"88":{"start":{"line":202,"column":4},"end":{"line":202,"column":46}},"89":{"start":{"line":203,"column":4},"end":{"line":203,"column":57}},"90":{"start":{"line":208,"column":0},"end":{"line":259,"column":2}},"91":{"start":{"line":209,"column":2},"end":{"line":258,"column":3}},"92":{"start":{"line":210,"column":15},"end":{"line":210,"column":28}},"93":{"start":{"line":211,"column":49},"end":{"line":211,"column":57}},"94":{"start":{"line":214,"column":4},"end":{"line":216,"column":5}},"95":{"start":{"line":215,"column":6},"end":{"line":215,"column":66}},"96":{"start":{"line":219,"column":17},"end":{"line":219,"column":40}},"97":{"start":{"line":220,"column":4},"end":{"line":222,"column":5}},"98":{"start":{"line":221,"column":6},"end":{"line":221,"column":75}},"99":{"start":{"line":225,"column":4},"end":{"line":234,"column":5}},"100":{"start":{"line":226,"column":23},"end":{"line":228,"column":8}},"101":{"start":{"line":229,"column":6},"end":{"line":233,"column":7}},"102":{"start":{"line":230,"column":8},"end":{"line":232,"column":91}},"103":{"start":{"line":237,"column":4},"end":{"line":242,"column":7}},"104":{"start":{"line":244,"column":4},"end":{"line":251,"column":7}},"105":{"start":{"line":253,"column":4},"end":{"line":253,"column":46}},"106":{"start":{"line":254,"column":4},"end":{"line":256,"column":5}},"107":{"start":{"line":255,"column":6},"end":{"line":255,"column":78}},"108":{"start":{"line":257,"column":4},"end":{"line":257,"column":81}},"109":{"start":{"line":262,"column":0},"end":{"line":286,"column":2}},"110":{"start":{"line":263,"column":2},"end":{"line":285,"column":3}},"111":{"start":{"line":264,"column":15},"end":{"line":264,"column":28}},"112":{"start":{"line":265,"column":41},"end":{"line":265,"column":49}},"113":{"start":{"line":267,"column":4},"end":{"line":267,"column":87}},"114":{"start":{"line":267,"column":27},"end":{"line":267,"column":87}},"115":{"start":{"line":269,"column":17},"end":{"line":269,"column":40}},"116":{"start":{"line":270,"column":4},"end":{"line":270,"column":84}},"117":{"start":{"line":270,"column":15},"end":{"line":270,"column":84}},"118":{"start":{"line":272,"column":21},"end":{"line":272,"column":69}},"119":{"start":{"line":273,"column":4},"end":{"line":273,"column":94}},"120":{"start":{"line":273,"column":19},"end":{"line":273,"column":94}},"121":{"start":{"line":275,"column":4},"end":{"line":275,"column":47}},"122":{"start":{"line":277,"column":4},"end":{"line":277,"column":63}},"123":{"start":{"line":278,"column":4},"end":{"line":278,"column":22}},"124":{"start":{"line":280,"column":4},"end":{"line":280,"column":75}},"125":{"start":{"line":282,"column":4},"end":{"line":282,"column":93}},"126":{"start":{"line":282,"column":40},"end":{"line":282,"column":93}},"127":{"start":{"line":283,"column":4},"end":{"line":283,"column":50}},"128":{"start":{"line":284,"column":4},"end":{"line":284,"column":92}},"129":{"start":{"line":289,"column":0},"end":{"line":306,"column":2}},"130":{"start":{"line":290,"column":2},"end":{"line":305,"column":3}},"131":{"start":{"line":291,"column":15},"end":{"line":291,"column":28}},"132":{"start":{"line":292,"column":4},"end":{"line":293,"column":66}},"133":{"start":{"line":293,"column":6},"end":{"line":293,"column":66}},"134":{"start":{"line":295,"column":17},"end":{"line":295,"column":40}},"135":{"start":{"line":296,"column":4},"end":{"line":296,"column":84}},"136":{"start":{"line":296,"column":15},"end":{"line":296,"column":84}},"137":{"start":{"line":298,"column":4},"end":{"line":298,"column":44}},"138":{"start":{"line":299,"column":4},"end":{"line":299,"column":79}},"139":{"start":{"line":301,"column":4},"end":{"line":301,"column":76}},"140":{"start":{"line":303,"column":4},"end":{"line":303,"column":46}},"141":{"start":{"line":304,"column":4},"end":{"line":304,"column":80}},"142":{"start":{"line":309,"column":0},"end":{"line":340,"column":2}},"143":{"start":{"line":310,"column":2},"end":{"line":339,"column":3}},"144":{"start":{"line":311,"column":22},"end":{"line":311,"column":30}},"145":{"start":{"line":312,"column":4},"end":{"line":312,"column":88}},"146":{"start":{"line":314,"column":17},"end":{"line":314,"column":71}},"147":{"start":{"line":315,"column":4},"end":{"line":315,"column":91}},"148":{"start":{"line":315,"column":15},"end":{"line":315,"column":91}},"149":{"start":{"line":317,"column":23},"end":{"line":317,"column":94}},"150":{"start":{"line":318,"column":21},"end":{"line":318,"column":90}},"151":{"start":{"line":320,"column":4},"end":{"line":332,"column":6}},"152":{"start":{"line":334,"column":4},"end":{"line":334,"column":73}},"153":{"start":{"line":336,"column":4},"end":{"line":336,"column":93}},"154":{"start":{"line":336,"column":40},"end":{"line":336,"column":93}},"155":{"start":{"line":337,"column":4},"end":{"line":337,"column":23}},"156":{"start":{"line":338,"column":4},"end":{"line":338,"column":78}},"157":{"start":{"line":343,"column":0},"end":{"line":360,"column":2}},"158":{"start":{"line":344,"column":2},"end":{"line":359,"column":3}},"159":{"start":{"line":345,"column":35},"end":{"line":345,"column":43}},"160":{"start":{"line":346,"column":4},"end":{"line":346,"column":47}},"161":{"start":{"line":348,"column":20},"end":{"line":348,"column":61}},"162":{"start":{"line":349,"column":17},"end":{"line":349,"column":48}},"163":{"start":{"line":350,"column":4},"end":{"line":350,"column":84}},"164":{"start":{"line":350,"column":15},"end":{"line":350,"column":84}},"165":{"start":{"line":352,"column":4},"end":{"line":352,"column":63}},"166":{"start":{"line":353,"column":4},"end":{"line":353,"column":22}},"167":{"start":{"line":355,"column":4},"end":{"line":355,"column":66}},"168":{"start":{"line":357,"column":4},"end":{"line":357,"column":93}},"169":{"start":{"line":357,"column":40},"end":{"line":357,"column":93}},"170":{"start":{"line":358,"column":4},"end":{"line":358,"column":67}}},"fnMap":{"0":{"name":"(anonymous_0)","decl":{"start":{"line":14,"column":14},"end":{"line":14,"column":15}},"loc":{"start":{"line":14,"column":23},"end":{"line":14,"column":50}},"line":14},"1":{"name":"(anonymous_1)","decl":{"start":{"line":51,"column":19},"end":{"line":51,"column":20}},"loc":{"start":{"line":51,"column":39},"end":{"line":103,"column":1}},"line":51},"2":{"name":"(anonymous_2)","decl":{"start":{"line":106,"column":22},"end":{"line":106,"column":23}},"loc":{"start":{"line":106,"column":42},"end":{"line":126,"column":1}},"line":106},"3":{"name":"(anonymous_3)","decl":{"start":{"line":129,"column":16},"end":{"line":129,"column":17}},"loc":{"start":{"line":129,"column":36},"end":{"line":157,"column":1}},"line":129},"4":{"name":"(anonymous_4)","decl":{"start":{"line":160,"column":16},"end":{"line":160,"column":17}},"loc":{"start":{"line":160,"column":36},"end":{"line":171,"column":1}},"line":160},"5":{"name":"(anonymous_5)","decl":{"start":{"line":174,"column":22},"end":{"line":174,"column":23}},"loc":{"start":{"line":174,"column":42},"end":{"line":186,"column":1}},"line":174},"6":{"name":"(anonymous_6)","decl":{"start":{"line":189,"column":21},"end":{"line":189,"column":22}},"loc":{"start":{"line":189,"column":41},"end":{"line":205,"column":1}},"line":189},"7":{"name":"(anonymous_7)","decl":{"start":{"line":208,"column":21},"end":{"line":208,"column":22}},"loc":{"start":{"line":208,"column":41},"end":{"line":259,"column":1}},"line":208},"8":{"name":"(anonymous_8)","decl":{"start":{"line":262,"column":25},"end":{"line":262,"column":26}},"loc":{"start":{"line":262,"column":45},"end":{"line":286,"column":1}},"line":262},"9":{"name":"(anonymous_9)","decl":{"start":{"line":289,"column":21},"end":{"line":289,"column":22}},"loc":{"start":{"line":289,"column":41},"end":{"line":306,"column":1}},"line":289},"10":{"name":"(anonymous_10)","decl":{"start":{"line":309,"column":25},"end":{"line":309,"column":26}},"loc":{"start":{"line":309,"column":45},"end":{"line":340,"column":1}},"line":309},"11":{"name":"(anonymous_11)","decl":{"start":{"line":343,"column":24},"end":{"line":343,"column":25}},"loc":{"start":{"line":343,"column":44},"end":{"line":360,"column":1}},"line":343}},"branchMap":{"0":{"loc":{"start":{"line":58,"column":4},"end":{"line":58,"column":87}},"type":"if","locations":[{"start":{"line":58,"column":4},"end":{"line":58,"column":87}},{"start":{},"end":{}}],"line":58},"1":{"loc":{"start":{"line":66,"column":12},"end":{"line":66,"column":28}},"type":"binary-expr","locations":[{"start":{"line":66,"column":12},"end":{"line":66,"column":16}},{"start":{"line":66,"column":20},"end":{"line":66,"column":28}}],"line":66},"2":{"loc":{"start":{"line":99,"column":4},"end":{"line":99,"column":93}},"type":"if","locations":[{"start":{"line":99,"column":4},"end":{"line":99,"column":93}},{"start":{},"end":{}}],"line":99},"3":{"loc":{"start":{"line":114,"column":4},"end":{"line":114,"column":83}},"type":"if","locations":[{"start":{"line":114,"column":4},"end":{"line":114,"column":83}},{"start":{},"end":{}}],"line":114},"4":{"loc":{"start":{"line":115,"column":4},"end":{"line":115,"column":93}},"type":"if","locations":[{"start":{"line":115,"column":4},"end":{"line":115,"column":93}},{"start":{},"end":{}}],"line":115},"5":{"loc":{"start":{"line":122,"column":4},"end":{"line":122,"column":93}},"type":"if","locations":[{"start":{"line":122,"column":4},"end":{"line":122,"column":93}},{"start":{},"end":{}}],"line":122},"6":{"loc":{"start":{"line":134,"column":4},"end":{"line":134,"column":83}},"type":"if","locations":[{"start":{"line":134,"column":4},"end":{"line":134,"column":83}},{"start":{},"end":{}}],"line":134},"7":{"loc":{"start":{"line":135,"column":4},"end":{"line":135,"column":93}},"type":"if","locations":[{"start":{"line":135,"column":4},"end":{"line":135,"column":93}},{"start":{},"end":{}}],"line":135},"8":{"loc":{"start":{"line":138,"column":4},"end":{"line":138,"column":92}},"type":"if","locations":[{"start":{"line":138,"column":4},"end":{"line":138,"column":92}},{"start":{},"end":{}}],"line":138},"9":{"loc":{"start":{"line":147,"column":6},"end":{"line":149,"column":44}},"type":"cond-expr","locations":[{"start":{"line":148,"column":10},"end":{"line":148,"column":39}},{"start":{"line":149,"column":10},"end":{"line":149,"column":44}}],"line":147},"10":{"loc":{"start":{"line":153,"column":4},"end":{"line":153,"column":93}},"type":"if","locations":[{"start":{"line":153,"column":4},"end":{"line":153,"column":93}},{"start":{},"end":{}}],"line":153},"11":{"loc":{"start":{"line":165,"column":4},"end":{"line":165,"column":84}},"type":"if","locations":[{"start":{"line":165,"column":4},"end":{"line":165,"column":84}},{"start":{},"end":{}}],"line":165},"12":{"loc":{"start":{"line":192,"column":4},"end":{"line":193,"column":66}},"type":"if","locations":[{"start":{"line":192,"column":4},"end":{"line":193,"column":66}},{"start":{},"end":{}}],"line":192},"13":{"loc":{"start":{"line":192,"column":8},"end":{"line":192,"column":68}},"type":"binary-expr","locations":[{"start":{"line":192,"column":8},"end":{"line":192,"column":25}},{"start":{"line":192,"column":29},"end":{"line":192,"column":68}}],"line":192},"14":{"loc":{"start":{"line":198,"column":4},"end":{"line":198,"column":84}},"type":"if","locations":[{"start":{"line":198,"column":4},"end":{"line":198,"column":84}},{"start":{},"end":{}}],"line":198},"15":{"loc":{"start":{"line":214,"column":4},"end":{"line":216,"column":5}},"type":"if","locations":[{"start":{"line":214,"column":4},"end":{"line":216,"column":5}},{"start":{},"end":{}}],"line":214},"16":{"loc":{"start":{"line":214,"column":8},"end":{"line":214,"column":68}},"type":"binary-expr","locations":[{"start":{"line":214,"column":8},"end":{"line":214,"column":25}},{"start":{"line":214,"column":29},"end":{"line":214,"column":68}}],"line":214},"17":{"loc":{"start":{"line":220,"column":4},"end":{"line":222,"column":5}},"type":"if","locations":[{"start":{"line":220,"column":4},"end":{"line":222,"column":5}},{"start":{},"end":{}}],"line":220},"18":{"loc":{"start":{"line":225,"column":4},"end":{"line":234,"column":5}},"type":"if","locations":[{"start":{"line":225,"column":4},"end":{"line":234,"column":5}},{"start":{},"end":{}}],"line":225},"19":{"loc":{"start":{"line":225,"column":8},"end":{"line":225,"column":37}},"type":"binary-expr","locations":[{"start":{"line":225,"column":8},"end":{"line":225,"column":13}},{"start":{"line":225,"column":17},"end":{"line":225,"column":37}}],"line":225},"20":{"loc":{"start":{"line":229,"column":6},"end":{"line":233,"column":7}},"type":"if","locations":[{"start":{"line":229,"column":6},"end":{"line":233,"column":7}},{"start":{},"end":{}}],"line":229},"21":{"loc":{"start":{"line":238,"column":16},"end":{"line":238,"column":58}},"type":"cond-expr","locations":[{"start":{"line":238,"column":27},"end":{"line":238,"column":42}},{"start":{"line":238,"column":45},"end":{"line":238,"column":58}}],"line":238},"22":{"loc":{"start":{"line":239,"column":17},"end":{"line":239,"column":62}},"type":"cond-expr","locations":[{"start":{"line":239,"column":29},"end":{"line":239,"column":45}},{"start":{"line":239,"column":48},"end":{"line":239,"column":62}}],"line":239},"23":{"loc":{"start":{"line":240,"column":13},"end":{"line":240,"column":46}},"type":"cond-expr","locations":[{"start":{"line":240,"column":21},"end":{"line":240,"column":33}},{"start":{"line":240,"column":36},"end":{"line":240,"column":46}}],"line":240},"24":{"loc":{"start":{"line":241,"column":12},"end":{"line":241,"column":29}},"type":"binary-expr","locations":[{"start":{"line":241,"column":12},"end":{"line":241,"column":16}},{"start":{"line":241,"column":20},"end":{"line":241,"column":29}}],"line":241},"25":{"loc":{"start":{"line":254,"column":4},"end":{"line":256,"column":5}},"type":"if","locations":[{"start":{"line":254,"column":4},"end":{"line":256,"column":5}},{"start":{},"end":{}}],"line":254},"26":{"loc":{"start":{"line":267,"column":4},"end":{"line":267,"column":87}},"type":"if","locations":[{"start":{"line":267,"column":4},"end":{"line":267,"column":87}},{"start":{},"end":{}}],"line":267},"27":{"loc":{"start":{"line":270,"column":4},"end":{"line":270,"column":84}},"type":"if","locations":[{"start":{"line":270,"column":4},"end":{"line":270,"column":84}},{"start":{},"end":{}}],"line":270},"28":{"loc":{"start":{"line":273,"column":4},"end":{"line":273,"column":94}},"type":"if","locations":[{"start":{"line":273,"column":4},"end":{"line":273,"column":94}},{"start":{},"end":{}}],"line":273},"29":{"loc":{"start":{"line":282,"column":4},"end":{"line":282,"column":93}},"type":"if","locations":[{"start":{"line":282,"column":4},"end":{"line":282,"column":93}},{"start":{},"end":{}}],"line":282},"30":{"loc":{"start":{"line":292,"column":4},"end":{"line":293,"column":66}},"type":"if","locations":[{"start":{"line":292,"column":4},"end":{"line":293,"column":66}},{"start":{},"end":{}}],"line":292},"31":{"loc":{"start":{"line":292,"column":8},"end":{"line":292,"column":68}},"type":"binary-expr","locations":[{"start":{"line":292,"column":8},"end":{"line":292,"column":25}},{"start":{"line":292,"column":29},"end":{"line":292,"column":68}}],"line":292},"32":{"loc":{"start":{"line":296,"column":4},"end":{"line":296,"column":84}},"type":"if","locations":[{"start":{"line":296,"column":4},"end":{"line":296,"column":84}},{"start":{},"end":{}}],"line":296},"33":{"loc":{"start":{"line":315,"column":4},"end":{"line":315,"column":91}},"type":"if","locations":[{"start":{"line":315,"column":4},"end":{"line":315,"column":91}},{"start":{},"end":{}}],"line":315},"34":{"loc":{"start":{"line":336,"column":4},"end":{"line":336,"column":93}},"type":"if","locations":[{"start":{"line":336,"column":4},"end":{"line":336,"column":93}},{"start":{},"end":{}}],"line":336},"35":{"loc":{"start":{"line":350,"column":4},"end":{"line":350,"column":84}},"type":"if","locations":[{"start":{"line":350,"column":4},"end":{"line":350,"column":84}},{"start":{},"end":{}}],"line":350},"36":{"loc":{"start":{"line":357,"column":4},"end":{"line":357,"column":93}},"type":"if","locations":[{"start":{"line":357,"column":4},"end":{"line":357,"column":93}},{"start":{},"end":{}}],"line":357}},"s":{"0":1,"1":1,"2":1,"3":1,"4":1,"5":1,"6":1,"7":1,"8":1,"9":1,"10":1,"11":1,"12":1,"13":1,"14":1,"15":0,"16":0,"17":0,"18":0,"19":0,"20":0,"21":0,"22":0,"23":0,"24":0,"25":0,"26":0,"27":0,"28":0,"29":0,"30":1,"31":1,"32":1,"33":1,"34":1,"35":1,"36":1,"37":1,"38":0,"39":0,"40":0,"41":0,"42":0,"43":0,"44":0,"45":0,"46":0,"47":1,"48":1,"49":1,"50":1,"51":1,"52":0,"53":1,"54":1,"55":0,"56":0,"57":0,"58":0,"59":0,"60":0,"61":0,"62":0,"63":0,"64":0,"65":1,"66":0,"67":0,"68":0,"69":0,"70":0,"71":0,"72":0,"73":1,"74":1,"75":1,"76":1,"77":0,"78":0,"79":1,"80":1,"81":1,"82":1,"83":0,"84":1,"85":1,"86":0,"87":1,"88":0,"89":0,"90":1,"91":0,"92":0,"93":0,"94":0,"95":0,"96":0,"97":0,"98":0,"99":0,"100":0,"101":0,"102":0,"103":0,"104":0,"105":0,"106":0,"107":0,"108":0,"109":1,"110":0,"111":0,"112":0,"113":0,"114":0,"115":0,"116":0,"117":0,"118":0,"119":0,"120":0,"121":0,"122":0,"123":0,"124":0,"125":0,"126":0,"127":0,"128":0,"129":1,"130":0,"131":0,"132":0,"133":0,"134":0,"135":0,"136":0,"137":0,"138":0,"139":0,"140":0,"141":0,"142":1,"143":0,"144":0,"145":0,"146":0,"147":0,"148":0,"149":0,"150":0,"151":0,"152":0,"153":0,"154":0,"155":0,"156":0,"157":1,"158":0,"159":0,"160":0,"161":0,"162":0,"163":0,"164":0,"165":0,"166":0,"167":0,"168":0,"169":0,"170":0},"f":{"0":1,"1":0,"2":1,"3":1,"4":0,"5":1,"6":1,"7":0,"8":0,"9":0,"10":0,"11":0},"b":{"0":[0,0],"1":[0,0],"2":[0,0],"3":[1,0],"4":[0,0],"5":[0,0],"6":[0,1],"7":[1,0],"8":[0,0],"9":[0,0],"10":[0,0],"11":[0,0],"12":[0,1],"13":[1,1],"14":[0,1],"15":[0,0],"16":[0,0],"17":[0,0],"18":[0,0],"19":[0,0],"20":[0,0],"21":[0,0],"22":[0,0],"23":[0,0],"24":[0,0],"25":[0,0],"26":[0,0],"27":[0,0],"28":[0,0],"29":[0,0],"30":[0,0],"31":[0,0],"32":[0,0],"33":[0,0],"34":[0,0],"35":[0,0],"36":[0,0]},"_coverageSchema":"1a1c01bbd47fc00a2c39e90264f33305004495a9","hash":"7b632f4ae87effbbf67850de2b4b2531fcf719f9"}
,"/Users/sihemlassar/code/CDA-project/backend/models/index.js": {"path":"/Users/sihemlassar/code/CDA-project/backend/models/index.js","statementMap":{"0":{"start":{"line":3,"column":11},"end":{"line":3,"column":24}},"1":{"start":{"line":4,"column":13},"end":{"line":4,"column":28}},"2":{"start":{"line":5,"column":18},"end":{"line":5,"column":38}},"3":{"start":{"line":6,"column":16},"end":{"line":6,"column":34}},"4":{"start":{"line":9,"column":17},"end":{"line":9,"column":42}},"5":{"start":{"line":12,"column":12},"end":{"line":12,"column":49}},"6":{"start":{"line":15,"column":15},"end":{"line":15,"column":75}},"7":{"start":{"line":18,"column":11},"end":{"line":18,"column":13}},"8":{"start":{"line":23,"column":0},"end":{"line":37,"column":1}},"9":{"start":{"line":24,"column":2},"end":{"line":28,"column":5}},"10":{"start":{"line":31,"column":7},"end":{"line":37,"column":1}},"11":{"start":{"line":32,"column":2},"end":{"line":32,"column":74}},"12":{"start":{"line":36,"column":2},"end":{"line":36,"column":87}},"13":{"start":{"line":40,"column":0},"end":{"line":63,"column":5}},"14":{"start":{"line":43,"column":4},"end":{"line":46,"column":35}},"15":{"start":{"line":50,"column":25},"end":{"line":50,"column":60}},"16":{"start":{"line":53,"column":4},"end":{"line":56,"column":5}},"17":{"start":{"line":54,"column":6},"end":{"line":54,"column":87}},"18":{"start":{"line":55,"column":6},"end":{"line":55,"column":13}},"19":{"start":{"line":59,"column":18},"end":{"line":59,"column":62}},"20":{"start":{"line":62,"column":4},"end":{"line":62,"column":27}},"21":{"start":{"line":66,"column":0},"end":{"line":70,"column":3}},"22":{"start":{"line":67,"column":2},"end":{"line":69,"column":3}},"23":{"start":{"line":68,"column":4},"end":{"line":68,"column":32}},"24":{"start":{"line":73,"column":0},"end":{"line":73,"column":25}},"25":{"start":{"line":74,"column":0},"end":{"line":74,"column":25}},"26":{"start":{"line":77,"column":0},"end":{"line":77,"column":20}}},"fnMap":{"0":{"name":"(anonymous_0)","decl":{"start":{"line":42,"column":10},"end":{"line":42,"column":11}},"loc":{"start":{"line":43,"column":4},"end":{"line":46,"column":35}},"line":43},"1":{"name":"(anonymous_1)","decl":{"start":{"line":48,"column":11},"end":{"line":48,"column":12}},"loc":{"start":{"line":48,"column":19},"end":{"line":63,"column":3}},"line":48},"2":{"name":"(anonymous_2)","decl":{"start":{"line":66,"column":24},"end":{"line":66,"column":25}},"loc":{"start":{"line":66,"column":37},"end":{"line":70,"column":1}},"line":66}},"branchMap":{"0":{"loc":{"start":{"line":12,"column":12},"end":{"line":12,"column":49}},"type":"binary-expr","locations":[{"start":{"line":12,"column":12},"end":{"line":12,"column":32}},{"start":{"line":12,"column":36},"end":{"line":12,"column":49}}],"line":12},"1":{"loc":{"start":{"line":23,"column":0},"end":{"line":37,"column":1}},"type":"if","locations":[{"start":{"line":23,"column":0},"end":{"line":37,"column":1}},{"start":{"line":31,"column":7},"end":{"line":37,"column":1}}],"line":23},"2":{"loc":{"start":{"line":31,"column":7},"end":{"line":37,"column":1}},"type":"if","locations":[{"start":{"line":31,"column":7},"end":{"line":37,"column":1}},{"start":{"line":35,"column":7},"end":{"line":37,"column":1}}],"line":31},"3":{"loc":{"start":{"line":43,"column":4},"end":{"line":46,"column":35}},"type":"binary-expr","locations":[{"start":{"line":43,"column":4},"end":{"line":43,"column":27}},{"start":{"line":44,"column":4},"end":{"line":44,"column":21}},{"start":{"line":45,"column":4},"end":{"line":45,"column":28}},{"start":{"line":46,"column":4},"end":{"line":46,"column":35}}],"line":43},"4":{"loc":{"start":{"line":53,"column":4},"end":{"line":56,"column":5}},"type":"if","locations":[{"start":{"line":53,"column":4},"end":{"line":56,"column":5}},{"start":{},"end":{}}],"line":53},"5":{"loc":{"start":{"line":67,"column":2},"end":{"line":69,"column":3}},"type":"if","locations":[{"start":{"line":67,"column":2},"end":{"line":69,"column":3}},{"start":{},"end":{}}],"line":67}},"s":{"0":2,"1":2,"2":2,"3":2,"4":2,"5":2,"6":2,"7":2,"8":2,"9":2,"10":0,"11":0,"12":0,"13":2,"14":6,"15":4,"16":4,"17":0,"18":0,"19":4,"20":4,"21":2,"22":4,"23":4,"24":2,"25":2,"26":2},"f":{"0":6,"1":4,"2":4},"b":{"0":[2,0],"1":[2,0],"2":[0,0],"3":[6,6,4,4],"4":[0,4],"5":[4,0]},"_coverageSchema":"1a1c01bbd47fc00a2c39e90264f33305004495a9","hash":"35ef78903033fb3d51f71ff2b201d6b990ac72eb"}
,"/Users/sihemlassar/code/CDA-project/backend/models/post.js": {"path":"/Users/sihemlassar/code/CDA-project/backend/models/post.js","statementMap":{"0":{"start":{"line":2,"column":18},"end":{"line":2,"column":38}},"1":{"start":{"line":4,"column":0},"end":{"line":74,"column":2}},"2":{"start":{"line":10,"column":6},"end":{"line":10,"column":75}},"3":{"start":{"line":13,"column":6},"end":{"line":13,"column":77}},"4":{"start":{"line":18,"column":2},"end":{"line":70,"column":5}},"5":{"start":{"line":73,"column":2},"end":{"line":73,"column":14}}},"fnMap":{"0":{"name":"(anonymous_0)","decl":{"start":{"line":4,"column":17},"end":{"line":4,"column":18}},"loc":{"start":{"line":4,"column":43},"end":{"line":74,"column":1}},"line":4},"1":{"name":"(anonymous_1)","decl":{"start":{"line":8,"column":4},"end":{"line":8,"column":5}},"loc":{"start":{"line":8,"column":29},"end":{"line":14,"column":5}},"line":8}},"branchMap":{},"s":{"0":2,"1":2,"2":2,"3":2,"4":2,"5":2},"f":{"0":2,"1":2},"b":{},"_coverageSchema":"1a1c01bbd47fc00a2c39e90264f33305004495a9","hash":"e68982bb1cc1534f3a0319d552fe29e882877496"}
,"/Users/sihemlassar/code/CDA-project/backend/models/user.js": {"path":"/Users/sihemlassar/code/CDA-project/backend/models/user.js","statementMap":{"0":{"start":{"line":2,"column":18},"end":{"line":2,"column":38}},"1":{"start":{"line":4,"column":0},"end":{"line":74,"column":2}},"2":{"start":{"line":10,"column":6},"end":{"line":10,"column":76}},"3":{"start":{"line":15,"column":2},"end":{"line":71,"column":5}},"4":{"start":{"line":73,"column":2},"end":{"line":73,"column":14}}},"fnMap":{"0":{"name":"(anonymous_0)","decl":{"start":{"line":4,"column":17},"end":{"line":4,"column":18}},"loc":{"start":{"line":4,"column":43},"end":{"line":74,"column":1}},"line":4},"1":{"name":"(anonymous_1)","decl":{"start":{"line":8,"column":4},"end":{"line":8,"column":5}},"loc":{"start":{"line":8,"column":29},"end":{"line":11,"column":5}},"line":8}},"branchMap":{},"s":{"0":2,"1":2,"2":2,"3":2,"4":2},"f":{"0":2,"1":2},"b":{},"_coverageSchema":"1a1c01bbd47fc00a2c39e90264f33305004495a9","hash":"f86e79144d89d839eb4c4be5130460409fd041df"}
}
