TN:
SF:controllers/postsCtrl.js
FN:24,(anonymous_0)
FN:96,(anonymous_1)
FN:140,(anonymous_2)
FN:157,(anonymous_3)
FN:174,(anonymous_4)
FN:194,(anonymous_5)
FNF:6
FNH:0
FNDA:0,(anonymous_0)
FNDA:0,(anonymous_1)
FNDA:0,(anonymous_2)
FNDA:0,(anonymous_3)
FNDA:0,(anonymous_4)
FNDA:0,(anonymous_5)
DA:2,0
DA:3,0
DA:4,0
DA:7,0
DA:24,0
DA:25,0
DA:27,0
DA:28,0
DA:31,0
DA:32,0
DA:35,0
DA:51,0
DA:52,0
DA:56,0
DA:72,0
DA:73,0
DA:77,0
DA:85,0
DA:87,0
DA:88,0
DA:90,0
DA:91,0
DA:96,0
DA:97,0
DA:98,0
DA:99,0
DA:102,0
DA:109,0
DA:111,0
DA:112,0
DA:114,0
DA:115,0
DA:118,0
DA:119,0
DA:120,0
DA:121,0
DA:124,0
DA:125,0
DA:126,0
DA:128,0
DA:129,0
DA:131,0
DA:132,0
DA:134,0
DA:135,0
DA:140,0
DA:141,0
DA:142,0
DA:150,0
DA:152,0
DA:153,0
DA:157,0
DA:158,0
DA:159,0
DA:167,0
DA:169,0
DA:170,0
DA:174,0
DA:175,0
DA:176,0
DA:177,0
DA:183,0
DA:184,0
DA:185,0
DA:187,0
DA:189,0
DA:190,0
DA:194,0
DA:195,0
DA:196,0
DA:197,0
DA:198,0
DA:199,0
DA:200,0
DA:202,0
DA:203,0
LF:76
LH:0
BRDA:32,0,0,0
BRDA:32,0,1,0
BRDA:51,1,0,0
BRDA:51,1,1,0
BRDA:72,2,0,0
BRDA:72,2,1,0
BRDA:87,3,0,0
BRDA:87,3,1,0
BRDA:112,4,0,0
BRDA:112,4,1,0
BRDA:114,5,0,0
BRDA:114,5,1,0
BRDA:118,6,0,0
BRDA:118,6,1,0
BRDA:120,7,0,0
BRDA:120,7,1,0
BRDA:124,8,0,0
BRDA:124,8,1,0
BRDA:125,9,0,0
BRDA:125,9,1,0
BRDA:126,10,0,0
BRDA:126,10,1,0
BRDA:131,11,0,0
BRDA:131,11,1,0
BRDA:183,12,0,0
BRDA:183,12,1,0
BRDA:184,13,0,0
BRDA:184,13,1,0
BRDA:184,14,0,0
BRDA:184,14,1,0
BRDA:198,15,0,0
BRDA:198,15,1,0
BRF:32
BRH:0
end_of_record
TN:
SF:controllers/usersCtrl.js
FN:15,(anonymous_0)
FN:52,(anonymous_1)
FN:110,(anonymous_2)
FN:133,(anonymous_3)
FN:164,(anonymous_4)
FN:178,(anonymous_5)
FN:193,(anonymous_6)
FN:212,(anonymous_7)
FN:266,(anonymous_8)
FN:293,(anonymous_9)
FN:313,(anonymous_10)
FN:347,(anonymous_11)
FNF:12
FNH:4
FNDA:5,(anonymous_0)
FNDA:1,(anonymous_1)
FNDA:1,(anonymous_2)
FNDA:1,(anonymous_3)
FNDA:0,(anonymous_4)
FNDA:0,(anonymous_5)
FNDA:0,(anonymous_6)
FNDA:0,(anonymous_7)
FNDA:0,(anonymous_8)
FNDA:0,(anonymous_9)
FNDA:0,(anonymous_10)
FNDA:0,(anonymous_11)
DA:1,1
DA:2,1
DA:3,1
DA:4,1
DA:5,1
DA:6,1
DA:8,1
DA:9,1
DA:15,5
DA:19,1
DA:38,1
DA:46,1
DA:52,1
DA:53,1
DA:54,1
DA:55,1
DA:57,1
DA:58,1
DA:60,1
DA:68,1
DA:69,1
DA:71,1
DA:72,1
DA:89,1
DA:91,0
DA:94,1
DA:103,0
DA:104,0
DA:105,0
DA:110,1
DA:111,1
DA:112,1
DA:114,1
DA:116,1
DA:117,1
DA:118,1
DA:119,1
DA:121,1
DA:122,1
DA:124,1
DA:126,0
DA:127,0
DA:128,0
DA:133,1
DA:134,1
DA:135,1
DA:137,1
DA:138,1
DA:139,1
DA:141,1
DA:142,1
DA:144,1
DA:151,1
DA:155,1
DA:157,0
DA:158,0
DA:159,0
DA:164,1
DA:165,0
DA:166,0
DA:169,0
DA:170,0
DA:172,0
DA:173,0
DA:178,1
DA:179,0
DA:180,0
DA:185,0
DA:187,0
DA:188,0
DA:193,1
DA:194,0
DA:195,0
DA:196,0
DA:197,0
DA:199,0
DA:202,0
DA:204,0
DA:206,0
DA:207,0
DA:212,1
DA:213,0
DA:214,0
DA:215,0
DA:218,0
DA:219,0
DA:223,0
DA:224,0
DA:225,0
DA:229,0
DA:230,0
DA:233,0
DA:234,0
DA:241,0
DA:248,0
DA:257,0
DA:258,0
DA:259,0
DA:261,0
DA:266,1
DA:267,0
DA:268,0
DA:269,0
DA:271,0
DA:273,0
DA:274,0
DA:276,0
DA:277,0
DA:279,0
DA:281,0
DA:282,0
DA:284,0
DA:286,0
DA:287,0
DA:288,0
DA:293,1
DA:294,0
DA:295,0
DA:296,0
DA:297,0
DA:299,0
DA:300,0
DA:302,0
DA:303,0
DA:305,0
DA:307,0
DA:308,0
DA:313,1
DA:314,0
DA:315,0
DA:316,0
DA:318,0
DA:319,0
DA:321,0
DA:322,0
DA:324,0
DA:338,0
DA:340,0
DA:341,0
DA:342,0
DA:347,1
DA:348,0
DA:349,0
DA:350,0
DA:352,0
DA:353,0
DA:354,0
DA:356,0
DA:357,0
DA:359,0
DA:361,0
DA:362,0
LF:152
LH:55
BRDA:9,0,0,0
BRDA:9,0,1,1
BRDA:58,1,0,0
BRDA:58,1,1,1
BRDA:65,2,0,1
BRDA:65,2,1,0
BRDA:103,3,0,0
BRDA:103,3,1,0
BRDA:118,4,0,0
BRDA:118,4,1,1
BRDA:119,5,0,0
BRDA:119,5,1,1
BRDA:126,6,0,0
BRDA:126,6,1,0
BRDA:138,7,0,0
BRDA:138,7,1,1
BRDA:139,8,0,0
BRDA:139,8,1,1
BRDA:142,9,0,0
BRDA:142,9,1,1
BRDA:151,10,0,0
BRDA:151,10,1,1
BRDA:157,11,0,0
BRDA:157,11,1,0
BRDA:169,12,0,0
BRDA:169,12,1,0
BRDA:196,13,0,0
BRDA:196,13,1,0
BRDA:196,14,0,0
BRDA:196,14,1,0
BRDA:202,15,0,0
BRDA:202,15,1,0
BRDA:218,16,0,0
BRDA:218,16,1,0
BRDA:218,17,0,0
BRDA:218,17,1,0
BRDA:224,18,0,0
BRDA:224,18,1,0
BRDA:229,19,0,0
BRDA:229,19,1,0
BRDA:229,20,0,0
BRDA:229,20,1,0
BRDA:233,21,0,0
BRDA:233,21,1,0
BRDA:242,22,0,0
BRDA:242,22,1,0
BRDA:243,23,0,0
BRDA:243,23,1,0
BRDA:244,24,0,0
BRDA:244,24,1,0
BRDA:245,25,0,0
BRDA:245,25,1,0
BRDA:258,26,0,0
BRDA:258,26,1,0
BRDA:271,27,0,0
BRDA:271,27,1,0
BRDA:274,28,0,0
BRDA:274,28,1,0
BRDA:277,29,0,0
BRDA:277,29,1,0
BRDA:286,30,0,0
BRDA:286,30,1,0
BRDA:296,31,0,0
BRDA:296,31,1,0
BRDA:296,32,0,0
BRDA:296,32,1,0
BRDA:300,33,0,0
BRDA:300,33,1,0
BRDA:319,34,0,0
BRDA:319,34,1,0
BRDA:340,35,0,0
BRDA:340,35,1,0
BRDA:354,36,0,0
BRDA:354,36,1,0
BRDA:361,37,0,0
BRDA:361,37,1,0
BRF:76
BRH:9
end_of_record
TN:
SF:models/index.js
FN:42,(anonymous_0)
FN:48,(anonymous_1)
FN:66,(anonymous_2)
FNF:3
FNH:3
FNDA:6,(anonymous_0)
FNDA:4,(anonymous_1)
FNDA:4,(anonymous_2)
DA:3,2
DA:4,2
DA:5,2
DA:6,2
DA:9,2
DA:12,2
DA:15,2
DA:18,2
DA:23,2
DA:24,2
DA:31,0
DA:32,0
DA:36,0
DA:40,2
DA:43,6
DA:50,4
DA:53,4
DA:54,0
DA:55,0
DA:59,4
DA:62,4
DA:66,2
DA:67,4
DA:68,4
DA:73,2
DA:74,2
DA:77,2
LF:27
LH:22
BRDA:12,0,0,2
BRDA:12,0,1,0
BRDA:23,1,0,2
BRDA:23,1,1,0
BRDA:31,2,0,0
BRDA:31,2,1,0
BRDA:43,3,0,6
BRDA:43,3,1,6
BRDA:43,3,2,4
BRDA:43,3,3,4
BRDA:53,4,0,0
BRDA:53,4,1,4
BRDA:67,5,0,4
BRDA:67,5,1,0
BRF:14
BRH:8
end_of_record
TN:
SF:models/post.js
FN:3,(anonymous_0)
FN:38,(anonymous_1)
FNF:2
FNH:2
FNDA:2,(anonymous_0)
FNDA:2,(anonymous_1)
DA:3,2
DA:5,2
DA:38,2
DA:40,2
DA:43,2
DA:46,2
LF:6
LH:6
BRF:0
BRH:0
end_of_record
TN:
SF:models/user.js
FN:3,(anonymous_0)
FN:41,(anonymous_1)
FNF:2
FNH:2
FNDA:2,(anonymous_0)
FNDA:2,(anonymous_1)
DA:3,2
DA:5,2
DA:41,2
DA:43,2
DA:46,2
DA:49,2
LF:6
LH:6
BRF:0
BRH:0
end_of_record
