TN:
SF:controllers/postsCtrl.js
FN:8,(anonymous_0)
FN:87,(anonymous_1)
FN:124,(anonymous_2)
FN:144,(anonymous_3)
FN:164,(anonymous_4)
FN:191,(anonymous_5)
FNF:6
FNH:1
FNDA:2,(anonymous_0)
FNDA:0,(anonymous_1)
FNDA:0,(anonymous_2)
FNDA:0,(anonymous_3)
FNDA:0,(anonymous_4)
FNDA:0,(anonymous_5)
DA:2,3
DA:5,3
DA:8,3
DA:10,2
DA:12,2
DA:15,2
DA:17,2
DA:18,0
DA:22,2
DA:39,2
DA:40,0
DA:45,2
DA:62,2
DA:63,0
DA:68,2
DA:77,2
DA:81,0
DA:82,0
DA:87,3
DA:88,0
DA:89,0
DA:90,0
DA:93,0
DA:94,0
DA:97,0
DA:98,0
DA:102,0
DA:103,0
DA:104,0
DA:105,0
DA:109,0
DA:110,0
DA:111,0
DA:114,0
DA:116,0
DA:118,0
DA:119,0
DA:124,3
DA:125,0
DA:127,0
DA:136,0
DA:138,0
DA:139,0
DA:144,3
DA:145,0
DA:147,0
DA:156,0
DA:158,0
DA:159,0
DA:164,3
DA:165,0
DA:166,0
DA:169,0
DA:176,0
DA:179,0
DA:180,0
DA:183,0
DA:185,0
DA:186,0
DA:191,3
DA:192,0
DA:193,0
DA:196,0
DA:197,0
DA:200,0
DA:202,0
DA:204,0
DA:205,0
LF:68
LH:18
BRDA:17,0,0,0
BRDA:17,0,1,2
BRDA:39,1,0,0
BRDA:39,1,1,2
BRDA:62,2,0,0
BRDA:62,2,1,2
BRDA:94,3,0,0
BRDA:94,3,1,0
BRDA:97,4,0,0
BRDA:97,4,1,0
BRDA:102,5,0,0
BRDA:102,5,1,0
BRDA:104,6,0,0
BRDA:104,6,1,0
BRDA:109,7,0,0
BRDA:109,7,1,0
BRDA:110,8,0,0
BRDA:110,8,1,0
BRDA:111,9,0,0
BRDA:111,9,1,0
BRDA:176,10,0,0
BRDA:176,10,1,0
BRDA:179,11,0,0
BRDA:179,11,1,0
BRDA:179,12,0,0
BRDA:179,12,1,0
BRDA:197,13,0,0
BRDA:197,13,1,0
BRF:28
BRH:3
end_of_record
TN:
SF:controllers/usersCtrl.js
FN:14,(anonymous_0)
FN:93,(anonymous_1)
FN:120,(anonymous_2)
FN:151,(anonymous_3)
FN:165,(anonymous_4)
FN:180,(anonymous_5)
FN:198,(anonymous_6)
FN:229,(anonymous_7)
FN:257,(anonymous_8)
FN:276,(anonymous_9)
FN:311,(anonymous_10)
FNF:11
FNH:2
FNDA:1,(anonymous_0)
FNDA:0,(anonymous_1)
FNDA:2,(anonymous_2)
FNDA:0,(anonymous_3)
FNDA:0,(anonymous_4)
FNDA:0,(anonymous_5)
FNDA:0,(anonymous_6)
FNDA:0,(anonymous_7)
FNDA:0,(anonymous_8)
FNDA:0,(anonymous_9)
FNDA:0,(anonymous_10)
DA:1,3
DA:2,3
DA:3,3
DA:4,3
DA:5,3
DA:6,3
DA:7,3
DA:8,3
DA:10,3
DA:11,3
DA:14,3
DA:15,1
DA:17,1
DA:18,1
DA:19,0
DA:21,1
DA:22,0
DA:25,1
DA:26,1
DA:29,1
DA:38,1
DA:44,1
DA:47,1
DA:78,1
DA:87,0
DA:88,0
DA:93,3
DA:94,0
DA:95,0
DA:97,0
DA:98,0
DA:101,0
DA:102,0
DA:103,0
DA:105,0
DA:106,0
DA:109,0
DA:110,0
DA:112,0
DA:114,0
DA:115,0
DA:120,3
DA:121,2
DA:122,2
DA:123,2
DA:124,2
DA:126,2
DA:128,2
DA:129,2
DA:131,2
DA:139,2
DA:143,2
DA:145,0
DA:146,0
DA:151,3
DA:152,0
DA:153,0
DA:156,0
DA:157,0
DA:159,0
DA:160,0
DA:165,3
DA:166,0
DA:167,0
DA:172,0
DA:174,0
DA:175,0
DA:180,3
DA:181,0
DA:182,0
DA:183,0
DA:185,0
DA:188,0
DA:190,0
DA:192,0
DA:193,0
DA:198,3
DA:199,0
DA:200,0
DA:201,0
DA:203,0
DA:205,0
DA:206,0
DA:208,0
DA:215,0
DA:223,0
DA:224,0
DA:229,3
DA:230,0
DA:231,0
DA:232,0
DA:234,0
DA:236,0
DA:237,0
DA:239,0
DA:241,0
DA:242,0
DA:244,0
DA:246,0
DA:247,0
DA:249,0
DA:251,0
DA:252,0
DA:257,3
DA:258,0
DA:259,0
DA:260,0
DA:262,0
DA:263,0
DA:265,0
DA:266,0
DA:268,0
DA:270,0
DA:271,0
DA:276,3
DA:277,0
DA:278,0
DA:279,0
DA:281,0
DA:283,0
DA:284,0
DA:286,0
DA:303,0
DA:305,0
DA:306,0
DA:311,3
DA:312,0
DA:313,0
DA:315,0
DA:316,0
DA:319,0
DA:320,0
DA:321,0
DA:323,0
DA:324,0
DA:326,0
DA:328,0
LF:137
LH:42
BRDA:18,0,0,0
BRDA:18,0,1,1
BRDA:18,1,0,1
BRDA:18,1,1,1
BRDA:18,1,2,1
BRDA:21,2,0,0
BRDA:21,2,1,1
BRDA:26,3,0,0
BRDA:26,3,1,1
BRDA:34,4,0,1
BRDA:34,4,1,1
BRDA:97,5,0,0
BRDA:97,5,1,0
BRDA:103,6,0,0
BRDA:103,6,1,0
BRDA:105,7,0,0
BRDA:105,7,1,0
BRDA:124,8,0,0
BRDA:124,8,1,2
BRDA:126,9,0,0
BRDA:126,9,1,2
BRDA:129,10,0,0
BRDA:129,10,1,2
BRDA:139,11,0,2
BRDA:139,11,1,0
BRDA:156,12,0,0
BRDA:156,12,1,0
BRDA:183,13,0,0
BRDA:183,13,1,0
BRDA:183,14,0,0
BRDA:183,14,1,0
BRDA:188,15,0,0
BRDA:188,15,1,0
BRDA:203,16,0,0
BRDA:203,16,1,0
BRDA:203,17,0,0
BRDA:203,17,1,0
BRDA:206,18,0,0
BRDA:206,18,1,0
BRDA:209,19,0,0
BRDA:209,19,1,0
BRDA:210,20,0,0
BRDA:210,20,1,0
BRDA:211,21,0,0
BRDA:211,21,1,0
BRDA:212,22,0,0
BRDA:212,22,1,0
BRDA:234,23,0,0
BRDA:234,23,1,0
BRDA:237,24,0,0
BRDA:237,24,1,0
BRDA:239,25,0,0
BRDA:239,25,1,0
BRDA:242,26,0,0
BRDA:242,26,1,0
BRDA:244,27,0,0
BRDA:244,27,1,0
BRDA:260,28,0,0
BRDA:260,28,1,0
BRDA:260,29,0,0
BRDA:260,29,1,0
BRDA:263,30,0,0
BRDA:263,30,1,0
BRDA:281,31,0,0
BRDA:281,31,1,0
BRDA:315,32,0,0
BRDA:315,32,1,0
BRDA:321,33,0,0
BRDA:321,33,1,0
BRF:69
BRH:12
end_of_record
TN:
SF:models/index.js
FN:42,(anonymous_0)
FN:48,(anonymous_1)
FN:66,(anonymous_2)
FNF:3
FNH:3
FNDA:18,(anonymous_0)
FNDA:12,(anonymous_1)
FNDA:12,(anonymous_2)
DA:3,6
DA:4,6
DA:5,6
DA:6,6
DA:9,6
DA:12,6
DA:15,6
DA:18,6
DA:23,6
DA:24,6
DA:31,0
DA:32,0
DA:36,0
DA:40,6
DA:43,18
DA:50,12
DA:53,12
DA:54,0
DA:55,0
DA:59,12
DA:62,12
DA:66,6
DA:67,12
DA:68,12
DA:73,6
DA:74,6
DA:77,6
LF:27
LH:22
BRDA:12,0,0,6
BRDA:12,0,1,0
BRDA:23,1,0,6
BRDA:23,1,1,0
BRDA:31,2,0,0
BRDA:31,2,1,0
BRDA:43,3,0,18
BRDA:43,3,1,18
BRDA:43,3,2,12
BRDA:43,3,3,12
BRDA:53,4,0,0
BRDA:53,4,1,12
BRDA:67,5,0,12
BRDA:67,5,1,0
BRF:14
BRH:8
end_of_record
TN:
SF:models/post.js
FN:4,(anonymous_0)
FN:8,(anonymous_1)
FNF:2
FNH:2
FNDA:6,(anonymous_0)
FNDA:6,(anonymous_1)
DA:2,6
DA:4,6
DA:10,6
DA:13,6
DA:18,6
DA:73,6
LF:6
LH:6
BRF:0
BRH:0
end_of_record
TN:
SF:models/user.js
FN:4,(anonymous_0)
FN:8,(anonymous_1)
FNF:2
FNH:2
FNDA:6,(anonymous_0)
FNDA:6,(anonymous_1)
DA:2,6
DA:4,6
DA:10,6
DA:15,6
DA:73,6
LF:5
LH:5
BRF:0
BRH:0
end_of_record
